{"C:\\Users\\joewa\\Desktop\\VSCodeProjects\\trivia-platform\\config.js": {"path":"C:\\Users\\joewa\\Desktop\\VSCodeProjects\\trivia-platform\\config.js","statementMap":{"0":{"start":{"line":8,"column":0},"end":{"line":47,"column":2}}},"fnMap":{},"branchMap":{"0":{"loc":{"start":{"line":10,"column":8},"end":{"line":10,"column":32}},"type":"binary-expr","locations":[{"start":{"line":10,"column":8},"end":{"line":10,"column":24}},{"start":{"line":10,"column":28},"end":{"line":10,"column":32}}],"line":10}},"s":{"0":4},"f":{},"b":{"0":[4,4]},"_coverageSchema":"1a1c01bbd47fc00a2c39e90264f33305004495a9","hash":"0cc5c89307b16b7107588925051a94031958943c"}
,"C:\\Users\\joewa\\Desktop\\VSCodeProjects\\trivia-platform\\server\\core\\EventTypes.js": {"path":"C:\\Users\\joewa\\Desktop\\VSCodeProjects\\trivia-platform\\server\\core\\EventTypes.js","statementMap":{"0":{"start":{"line":9,"column":0},"end":{"line":37,"column":2}},"1":{"start":{"line":40,"column":0},"end":{"line":52,"column":2}}},"fnMap":{},"branchMap":{},"s":{"0":3,"1":3},"f":{},"b":{},"_coverageSchema":"1a1c01bbd47fc00a2c39e90264f33305004495a9","hash":"60875c417c274f4b7de37097b927bfcac7f3ac95"}
,"C:\\Users\\joewa\\Desktop\\VSCodeProjects\\trivia-platform\\server\\core\\PlatformEventBus.js": {"path":"C:\\Users\\joewa\\Desktop\\VSCodeProjects\\trivia-platform\\server\\core\\PlatformEventBus.js","statementMap":{"0":{"start":{"line":8,"column":21},"end":{"line":8,"column":38}},"1":{"start":{"line":15,"column":4},"end":{"line":15,"column":12}},"2":{"start":{"line":24,"column":4},"end":{"line":24,"column":37}},"3":{"start":{"line":33,"column":4},"end":{"line":33,"column":49}},"4":{"start":{"line":42,"column":4},"end":{"line":42,"column":35}},"5":{"start":{"line":46,"column":0},"end":{"line":46,"column":34}}},"fnMap":{"0":{"name":"(anonymous_0)","decl":{"start":{"line":14,"column":2},"end":{"line":14,"column":3}},"loc":{"start":{"line":14,"column":16},"end":{"line":16,"column":3}},"line":14},"1":{"name":"(anonymous_1)","decl":{"start":{"line":23,"column":2},"end":{"line":23,"column":3}},"loc":{"start":{"line":23,"column":22},"end":{"line":25,"column":3}},"line":23},"2":{"name":"(anonymous_2)","decl":{"start":{"line":32,"column":2},"end":{"line":32,"column":3}},"loc":{"start":{"line":32,"column":23},"end":{"line":34,"column":3}},"line":32},"3":{"name":"(anonymous_3)","decl":{"start":{"line":41,"column":2},"end":{"line":41,"column":3}},"loc":{"start":{"line":41,"column":20},"end":{"line":43,"column":3}},"line":41}},"branchMap":{},"s":{"0":1,"1":3,"2":4,"3":1,"4":3,"5":1},"f":{"0":3,"1":4,"2":1,"3":3},"b":{},"_coverageSchema":"1a1c01bbd47fc00a2c39e90264f33305004495a9","hash":"e33c7544dcc69194146b4e55fba2b5408d44f96f"}
,"C:\\Users\\joewa\\Desktop\\VSCodeProjects\\trivia-platform\\server\\core\\RoomManager.js": {"path":"C:\\Users\\joewa\\Desktop\\VSCodeProjects\\trivia-platform\\server\\core\\RoomManager.js","statementMap":{"0":{"start":{"line":8,"column":15},"end":{"line":8,"column":38}},"1":{"start":{"line":16,"column":4},"end":{"line":16,"column":33}},"2":{"start":{"line":26,"column":17},"end":{"line":26,"column":21}},"3":{"start":{"line":28,"column":4},"end":{"line":31,"column":5}},"4":{"start":{"line":29,"column":6},"end":{"line":29,"column":34}},"5":{"start":{"line":30,"column":6},"end":{"line":30,"column":50}},"6":{"start":{"line":33,"column":4},"end":{"line":33,"column":43}},"7":{"start":{"line":35,"column":4},"end":{"line":35,"column":59}},"8":{"start":{"line":37,"column":4},"end":{"line":37,"column":16}},"9":{"start":{"line":47,"column":18},"end":{"line":47,"column":58}},"10":{"start":{"line":48,"column":4},"end":{"line":50,"column":5}},"11":{"start":{"line":49,"column":6},"end":{"line":49,"column":19}},"12":{"start":{"line":53,"column":24},"end":{"line":57,"column":5}},"13":{"start":{"line":59,"column":4},"end":{"line":67,"column":5}},"14":{"start":{"line":61,"column":6},"end":{"line":61,"column":58}},"15":{"start":{"line":62,"column":6},"end":{"line":62,"column":62}},"16":{"start":{"line":63,"column":6},"end":{"line":63,"column":62}},"17":{"start":{"line":66,"column":6},"end":{"line":66,"column":52}},"18":{"start":{"line":69,"column":4},"end":{"line":69,"column":53}},"19":{"start":{"line":70,"column":4},"end":{"line":70,"column":16}},"20":{"start":{"line":80,"column":18},"end":{"line":80,"column":58}},"21":{"start":{"line":81,"column":4},"end":{"line":83,"column":5}},"22":{"start":{"line":82,"column":6},"end":{"line":82,"column":19}},"23":{"start":{"line":84,"column":4},"end":{"line":84,"column":46}},"24":{"start":{"line":85,"column":4},"end":{"line":85,"column":53}},"25":{"start":{"line":86,"column":4},"end":{"line":86,"column":16}},"26":{"start":{"line":95,"column":4},"end":{"line":95,"column":52}},"27":{"start":{"line":104,"column":18},"end":{"line":104,"column":58}},"28":{"start":{"line":105,"column":4},"end":{"line":107,"column":5}},"29":{"start":{"line":106,"column":6},"end":{"line":106,"column":23}},"30":{"start":{"line":108,"column":4},"end":{"line":108,"column":40}},"31":{"start":{"line":118,"column":18},"end":{"line":118,"column":58}},"32":{"start":{"line":119,"column":4},"end":{"line":121,"column":5}},"33":{"start":{"line":120,"column":6},"end":{"line":120,"column":23}},"34":{"start":{"line":122,"column":4},"end":{"line":122,"column":31}},"35":{"start":{"line":131,"column":4},"end":{"line":131,"column":47}},"36":{"start":{"line":140,"column":21},"end":{"line":140,"column":53}},"37":{"start":{"line":141,"column":19},"end":{"line":141,"column":49}},"38":{"start":{"line":142,"column":15},"end":{"line":142,"column":17}},"39":{"start":{"line":143,"column":4},"end":{"line":145,"column":5}},"40":{"start":{"line":143,"column":17},"end":{"line":143,"column":18}},"41":{"start":{"line":144,"column":6},"end":{"line":144,"column":75}},"42":{"start":{"line":146,"column":4},"end":{"line":146,"column":16}},"43":{"start":{"line":150,"column":0},"end":{"line":150,"column":29}}},"fnMap":{"0":{"name":"(anonymous_0)","decl":{"start":{"line":15,"column":2},"end":{"line":15,"column":3}},"loc":{"start":{"line":15,"column":26},"end":{"line":17,"column":3}},"line":15},"1":{"name":"(anonymous_1)","decl":{"start":{"line":24,"column":2},"end":{"line":24,"column":3}},"loc":{"start":{"line":24,"column":21},"end":{"line":38,"column":3}},"line":24},"2":{"name":"(anonymous_2)","decl":{"start":{"line":46,"column":2},"end":{"line":46,"column":3}},"loc":{"start":{"line":46,"column":45},"end":{"line":71,"column":3}},"line":46},"3":{"name":"(anonymous_3)","decl":{"start":{"line":79,"column":2},"end":{"line":79,"column":3}},"loc":{"start":{"line":79,"column":53},"end":{"line":87,"column":3}},"line":79},"4":{"name":"(anonymous_4)","decl":{"start":{"line":94,"column":2},"end":{"line":94,"column":3}},"loc":{"start":{"line":94,"column":27},"end":{"line":96,"column":3}},"line":94},"5":{"name":"(anonymous_5)","decl":{"start":{"line":103,"column":2},"end":{"line":103,"column":3}},"loc":{"start":{"line":103,"column":29},"end":{"line":109,"column":3}},"line":103},"6":{"name":"(anonymous_6)","decl":{"start":{"line":117,"column":2},"end":{"line":117,"column":3}},"loc":{"start":{"line":117,"column":40},"end":{"line":123,"column":3}},"line":117},"7":{"name":"(anonymous_7)","decl":{"start":{"line":130,"column":2},"end":{"line":130,"column":3}},"loc":{"start":{"line":130,"column":29},"end":{"line":132,"column":3}},"line":130},"8":{"name":"(anonymous_8)","decl":{"start":{"line":139,"column":2},"end":{"line":139,"column":3}},"loc":{"start":{"line":139,"column":18},"end":{"line":147,"column":3}},"line":139}},"branchMap":{"0":{"loc":{"start":{"line":48,"column":4},"end":{"line":50,"column":5}},"type":"if","locations":[{"start":{"line":48,"column":4},"end":{"line":50,"column":5}},{"start":{},"end":{}}],"line":48},"1":{"loc":{"start":{"line":55,"column":14},"end":{"line":55,"column":37}},"type":"binary-expr","locations":[{"start":{"line":55,"column":14},"end":{"line":55,"column":25}},{"start":{"line":55,"column":29},"end":{"line":55,"column":37}}],"line":55},"2":{"loc":{"start":{"line":59,"column":4},"end":{"line":67,"column":5}},"type":"if","locations":[{"start":{"line":59,"column":4},"end":{"line":67,"column":5}},{"start":{"line":64,"column":11},"end":{"line":67,"column":5}}],"line":59},"3":{"loc":{"start":{"line":81,"column":4},"end":{"line":83,"column":5}},"type":"if","locations":[{"start":{"line":81,"column":4},"end":{"line":83,"column":5}},{"start":{},"end":{}}],"line":81},"4":{"loc":{"start":{"line":81,"column":8},"end":{"line":81,"column":44}},"type":"binary-expr","locations":[{"start":{"line":81,"column":8},"end":{"line":81,"column":14}},{"start":{"line":81,"column":18},"end":{"line":81,"column":44}}],"line":81},"5":{"loc":{"start":{"line":105,"column":4},"end":{"line":107,"column":5}},"type":"if","locations":[{"start":{"line":105,"column":4},"end":{"line":107,"column":5}},{"start":{},"end":{}}],"line":105},"6":{"loc":{"start":{"line":119,"column":4},"end":{"line":121,"column":5}},"type":"if","locations":[{"start":{"line":119,"column":4},"end":{"line":121,"column":5}},{"start":{},"end":{}}],"line":119},"7":{"loc":{"start":{"line":119,"column":8},"end":{"line":119,"column":32}},"type":"binary-expr","locations":[{"start":{"line":119,"column":8},"end":{"line":119,"column":14}},{"start":{"line":119,"column":18},"end":{"line":119,"column":32}}],"line":119}},"s":{"0":1,"1":16,"2":2,"3":2,"4":3,"5":3,"6":2,"7":2,"8":2,"9":5,"10":5,"11":1,"12":4,"13":4,"14":1,"15":1,"16":1,"17":3,"18":4,"19":4,"20":3,"21":3,"22":2,"23":1,"24":1,"25":1,"26":1,"27":2,"28":2,"29":1,"30":1,"31":2,"32":2,"33":1,"34":1,"35":1,"36":3,"37":3,"38":3,"39":3,"40":3,"41":12,"42":3,"43":1},"f":{"0":16,"1":2,"2":5,"3":3,"4":1,"5":2,"6":2,"7":1,"8":3},"b":{"0":[1,4],"1":[4,3],"2":[1,3],"3":[2,1],"4":[3,2],"5":[1,1],"6":[1,1],"7":[2,1]},"_coverageSchema":"1a1c01bbd47fc00a2c39e90264f33305004495a9","hash":"592124582bd523ac775804142344a8805426d430"}
,"C:\\Users\\joewa\\Desktop\\VSCodeProjects\\trivia-platform\\server\\core\\SocketRouter.js": {"path":"C:\\Users\\joewa\\Desktop\\VSCodeProjects\\trivia-platform\\server\\core\\SocketRouter.js","statementMap":{"0":{"start":{"line":8,"column":19},"end":{"line":8,"column":42}},"1":{"start":{"line":16,"column":4},"end":{"line":16,"column":17}},"2":{"start":{"line":17,"column":4},"end":{"line":17,"column":29}},"3":{"start":{"line":25,"column":4},"end":{"line":27,"column":7}},"4":{"start":{"line":26,"column":6},"end":{"line":26,"column":73}},"5":{"start":{"line":29,"column":4},"end":{"line":32,"column":7}},"6":{"start":{"line":31,"column":6},"end":{"line":31,"column":54}},"7":{"start":{"line":35,"column":4},"end":{"line":41,"column":7}},"8":{"start":{"line":36,"column":8},"end":{"line":40,"column":11}},"9":{"start":{"line":37,"column":12},"end":{"line":39,"column":13}},"10":{"start":{"line":38,"column":16},"end":{"line":38,"column":58}},"11":{"start":{"line":50,"column":27},"end":{"line":55,"column":5}},"12":{"start":{"line":57,"column":4},"end":{"line":64,"column":7}},"13":{"start":{"line":58,"column":8},"end":{"line":63,"column":11}},"14":{"start":{"line":59,"column":12},"end":{"line":61,"column":13}},"15":{"start":{"line":60,"column":16},"end":{"line":60,"column":43}},"16":{"start":{"line":62,"column":12},"end":{"line":62,"column":73}},"17":{"start":{"line":66,"column":4},"end":{"line":68,"column":7}},"18":{"start":{"line":67,"column":6},"end":{"line":67,"column":80}},"19":{"start":{"line":72,"column":0},"end":{"line":72,"column":30}}},"fnMap":{"0":{"name":"(anonymous_0)","decl":{"start":{"line":15,"column":2},"end":{"line":15,"column":3}},"loc":{"start":{"line":15,"column":28},"end":{"line":18,"column":3}},"line":15},"1":{"name":"(anonymous_1)","decl":{"start":{"line":23,"column":2},"end":{"line":23,"column":3}},"loc":{"start":{"line":23,"column":9},"end":{"line":42,"column":3}},"line":23},"2":{"name":"(anonymous_2)","decl":{"start":{"line":25,"column":51},"end":{"line":25,"column":52}},"loc":{"start":{"line":25,"column":61},"end":{"line":27,"column":5}},"line":25},"3":{"name":"(anonymous_3)","decl":{"start":{"line":29,"column":50},"end":{"line":29,"column":51}},"loc":{"start":{"line":29,"column":60},"end":{"line":32,"column":5}},"line":29},"4":{"name":"(anonymous_4)","decl":{"start":{"line":35,"column":47},"end":{"line":35,"column":48}},"loc":{"start":{"line":35,"column":54},"end":{"line":41,"column":5}},"line":35},"5":{"name":"(anonymous_5)","decl":{"start":{"line":36,"column":30},"end":{"line":36,"column":31}},"loc":{"start":{"line":36,"column":40},"end":{"line":40,"column":9}},"line":36},"6":{"name":"(anonymous_6)","decl":{"start":{"line":48,"column":2},"end":{"line":48,"column":3}},"loc":{"start":{"line":48,"column":25},"end":{"line":69,"column":3}},"line":48},"7":{"name":"(anonymous_7)","decl":{"start":{"line":57,"column":43},"end":{"line":57,"column":44}},"loc":{"start":{"line":57,"column":68},"end":{"line":64,"column":5}},"line":57},"8":{"name":"(anonymous_8)","decl":{"start":{"line":58,"column":29},"end":{"line":58,"column":30}},"loc":{"start":{"line":58,"column":39},"end":{"line":63,"column":9}},"line":58},"9":{"name":"(anonymous_9)","decl":{"start":{"line":66,"column":28},"end":{"line":66,"column":29}},"loc":{"start":{"line":66,"column":34},"end":{"line":68,"column":5}},"line":66}},"branchMap":{"0":{"loc":{"start":{"line":37,"column":12},"end":{"line":39,"column":13}},"type":"if","locations":[{"start":{"line":37,"column":12},"end":{"line":39,"column":13}},{"start":{},"end":{}}],"line":37},"1":{"loc":{"start":{"line":37,"column":16},"end":{"line":37,"column":37}},"type":"binary-expr","locations":[{"start":{"line":37,"column":16},"end":{"line":37,"column":20}},{"start":{"line":37,"column":24},"end":{"line":37,"column":37}}],"line":37},"2":{"loc":{"start":{"line":59,"column":12},"end":{"line":61,"column":13}},"type":"if","locations":[{"start":{"line":59,"column":12},"end":{"line":61,"column":13}},{"start":{},"end":{}}],"line":59},"3":{"loc":{"start":{"line":59,"column":16},"end":{"line":59,"column":71}},"type":"binary-expr","locations":[{"start":{"line":59,"column":16},"end":{"line":59,"column":54}},{"start":{"line":59,"column":58},"end":{"line":59,"column":71}}],"line":59}},"s":{"0":1,"1":6,"2":6,"3":2,"4":1,"5":2,"6":1,"7":2,"8":22,"9":7,"10":6,"11":4,"12":4,"13":16,"14":5,"15":2,"16":5,"17":4,"18":1,"19":1},"f":{"0":6,"1":2,"2":1,"3":1,"4":22,"5":7,"6":4,"7":16,"8":5,"9":1},"b":{"0":[6,1],"1":[7,7],"2":[2,3],"3":[5,2]},"_coverageSchema":"1a1c01bbd47fc00a2c39e90264f33305004495a9","hash":"1dcac122c79e095edbb96d8fbc080e903379dc5f"}
,"C:\\Users\\joewa\\Desktop\\VSCodeProjects\\trivia-platform\\server\\games\\trivia\\ScoreCalculator.js": {"path":"C:\\Users\\joewa\\Desktop\\VSCodeProjects\\trivia-platform\\server\\games\\trivia\\ScoreCalculator.js","statementMap":{"0":{"start":{"line":7,"column":15},"end":{"line":7,"column":41}},"1":{"start":{"line":18,"column":4},"end":{"line":20,"column":5}},"2":{"start":{"line":19,"column":6},"end":{"line":19,"column":15}},"3":{"start":{"line":23,"column":24},"end":{"line":23,"column":69}},"4":{"start":{"line":26,"column":23},"end":{"line":26,"column":60}},"5":{"start":{"line":28,"column":17},"end":{"line":28,"column":55}},"6":{"start":{"line":29,"column":18},"end":{"line":29,"column":59}},"7":{"start":{"line":31,"column":4},"end":{"line":31,"column":51}},"8":{"start":{"line":35,"column":0},"end":{"line":35,"column":33}}},"fnMap":{"0":{"name":"(anonymous_0)","decl":{"start":{"line":17,"column":2},"end":{"line":17,"column":3}},"loc":{"start":{"line":17,"column":47},"end":{"line":32,"column":3}},"line":17}},"branchMap":{"0":{"loc":{"start":{"line":18,"column":4},"end":{"line":20,"column":5}},"type":"if","locations":[{"start":{"line":18,"column":4},"end":{"line":20,"column":5}},{"start":{},"end":{}}],"line":18}},"s":{"0":1,"1":5,"2":1,"3":4,"4":4,"5":4,"6":4,"7":4,"8":1},"f":{"0":5},"b":{"0":[1,4]},"_coverageSchema":"1a1c01bbd47fc00a2c39e90264f33305004495a9","hash":"106e9f5c1c030cd3b6249fd3f9beb831e5f532ca"}
,"C:\\Users\\joewa\\Desktop\\VSCodeProjects\\trivia-platform\\server\\games\\trivia\\TriviaGame.js": {"path":"C:\\Users\\joewa\\Desktop\\VSCodeProjects\\trivia-platform\\server\\games\\trivia\\TriviaGame.js","statementMap":{"0":{"start":{"line":9,"column":19},"end":{"line":9,"column":51}},"1":{"start":{"line":10,"column":15},"end":{"line":10,"column":41}},"2":{"start":{"line":19,"column":4},"end":{"line":19,"column":29}},"3":{"start":{"line":20,"column":4},"end":{"line":20,"column":29}},"4":{"start":{"line":21,"column":4},"end":{"line":21,"column":33}},"5":{"start":{"line":22,"column":4},"end":{"line":22,"column":29}},"6":{"start":{"line":23,"column":4},"end":{"line":23,"column":33}},"7":{"start":{"line":25,"column":4},"end":{"line":25,"column":24}},"8":{"start":{"line":26,"column":4},"end":{"line":26,"column":35}},"9":{"start":{"line":27,"column":4},"end":{"line":27,"column":32}},"10":{"start":{"line":28,"column":4},"end":{"line":28,"column":34}},"11":{"start":{"line":29,"column":4},"end":{"line":29,"column":21}},"12":{"start":{"line":30,"column":4},"end":{"line":30,"column":30}},"13":{"start":{"line":37,"column":4},"end":{"line":41,"column":7}},"14":{"start":{"line":38,"column":6},"end":{"line":40,"column":7}},"15":{"start":{"line":39,"column":8},"end":{"line":39,"column":31}},"16":{"start":{"line":43,"column":4},"end":{"line":47,"column":7}},"17":{"start":{"line":44,"column":6},"end":{"line":46,"column":7}},"18":{"start":{"line":45,"column":8},"end":{"line":45,"column":67}},"19":{"start":{"line":49,"column":4},"end":{"line":54,"column":7}},"20":{"start":{"line":50,"column":6},"end":{"line":53,"column":7}},"21":{"start":{"line":51,"column":8},"end":{"line":51,"column":121}},"22":{"start":{"line":52,"column":8},"end":{"line":52,"column":41}},"23":{"start":{"line":61,"column":4},"end":{"line":61,"column":34}},"24":{"start":{"line":61,"column":27},"end":{"line":61,"column":34}},"25":{"start":{"line":62,"column":4},"end":{"line":62,"column":29}},"26":{"start":{"line":64,"column":4},"end":{"line":64,"column":92}},"27":{"start":{"line":65,"column":4},"end":{"line":65,"column":88}},"28":{"start":{"line":66,"column":4},"end":{"line":66,"column":35}},"29":{"start":{"line":68,"column":4},"end":{"line":71,"column":7}},"30":{"start":{"line":73,"column":4},"end":{"line":73,"column":37}},"31":{"start":{"line":80,"column":4},"end":{"line":80,"column":156}},"32":{"start":{"line":81,"column":4},"end":{"line":81,"column":24}},"33":{"start":{"line":82,"column":4},"end":{"line":82,"column":32}},"34":{"start":{"line":84,"column":4},"end":{"line":84,"column":166}},"35":{"start":{"line":85,"column":4},"end":{"line":89,"column":5}},"36":{"start":{"line":86,"column":6},"end":{"line":86,"column":190}},"37":{"start":{"line":87,"column":6},"end":{"line":87,"column":27}},"38":{"start":{"line":88,"column":6},"end":{"line":88,"column":13}},"39":{"start":{"line":91,"column":4},"end":{"line":91,"column":69}},"40":{"start":{"line":93,"column":18},"end":{"line":93,"column":63}},"41":{"start":{"line":94,"column":4},"end":{"line":102,"column":5}},"42":{"start":{"line":95,"column":6},"end":{"line":100,"column":7}},"43":{"start":{"line":96,"column":23},"end":{"line":96,"column":48}},"44":{"start":{"line":98,"column":8},"end":{"line":98,"column":66}},"45":{"start":{"line":99,"column":8},"end":{"line":99,"column":37}},"46":{"start":{"line":101,"column":6},"end":{"line":101,"column":60}},"47":{"start":{"line":106,"column":4},"end":{"line":106,"column":39}},"48":{"start":{"line":108,"column":25},"end":{"line":108,"column":70}},"49":{"start":{"line":109,"column":20},"end":{"line":109,"column":101}},"50":{"start":{"line":110,"column":24},"end":{"line":119,"column":11}},"51":{"start":{"line":111,"column":21},"end":{"line":111,"column":40}},"52":{"start":{"line":112,"column":24},"end":{"line":112,"column":55}},"53":{"start":{"line":113,"column":19},"end":{"line":119,"column":9}},"54":{"start":{"line":121,"column":4},"end":{"line":129,"column":7}},"55":{"start":{"line":131,"column":4},"end":{"line":131,"column":86}},"56":{"start":{"line":131,"column":25},"end":{"line":131,"column":45}},"57":{"start":{"line":140,"column":18},"end":{"line":140,"column":63}},"58":{"start":{"line":141,"column":4},"end":{"line":141,"column":41}},"59":{"start":{"line":141,"column":34},"end":{"line":141,"column":41}},"60":{"start":{"line":143,"column":4},"end":{"line":167,"column":5}},"61":{"start":{"line":144,"column":21},"end":{"line":144,"column":46}},"62":{"start":{"line":146,"column":6},"end":{"line":161,"column":7}},"63":{"start":{"line":148,"column":28},"end":{"line":148,"column":81}},"64":{"start":{"line":149,"column":36},"end":{"line":149,"column":100}},"65":{"start":{"line":151,"column":30},"end":{"line":155,"column":9}},"66":{"start":{"line":157,"column":8},"end":{"line":157,"column":49}},"67":{"start":{"line":158,"column":8},"end":{"line":158,"column":59}},"68":{"start":{"line":159,"column":13},"end":{"line":161,"column":7}},"69":{"start":{"line":160,"column":8},"end":{"line":160,"column":37}},"70":{"start":{"line":163,"column":6},"end":{"line":163,"column":33}},"71":{"start":{"line":164,"column":6},"end":{"line":164,"column":43}},"72":{"start":{"line":165,"column":6},"end":{"line":165,"column":36}},"73":{"start":{"line":166,"column":6},"end":{"line":166,"column":43}},"74":{"start":{"line":168,"column":4},"end":{"line":168,"column":58}},"75":{"start":{"line":175,"column":4},"end":{"line":175,"column":40}},"76":{"start":{"line":177,"column":4},"end":{"line":186,"column":7}},"77":{"start":{"line":188,"column":4},"end":{"line":188,"column":35}},"78":{"start":{"line":191,"column":32},"end":{"line":191,"column":113}},"79":{"start":{"line":192,"column":4},"end":{"line":192,"column":68}},"80":{"start":{"line":192,"column":25},"end":{"line":192,"column":45}},"81":{"start":{"line":199,"column":4},"end":{"line":199,"column":38}},"82":{"start":{"line":199,"column":31},"end":{"line":199,"column":38}},"83":{"start":{"line":201,"column":18},"end":{"line":201,"column":63}},"84":{"start":{"line":202,"column":34},"end":{"line":202,"column":36}},"85":{"start":{"line":203,"column":4},"end":{"line":221,"column":5}},"86":{"start":{"line":204,"column":6},"end":{"line":220,"column":7}},"87":{"start":{"line":205,"column":23},"end":{"line":205,"column":48}},"88":{"start":{"line":206,"column":8},"end":{"line":206,"column":157}},"89":{"start":{"line":207,"column":8},"end":{"line":219,"column":9}},"90":{"start":{"line":208,"column":30},"end":{"line":208,"column":83}},"91":{"start":{"line":209,"column":38},"end":{"line":209,"column":102}},"92":{"start":{"line":211,"column":32},"end":{"line":215,"column":11}},"93":{"start":{"line":216,"column":10},"end":{"line":216,"column":60}},"94":{"start":{"line":217,"column":15},"end":{"line":219,"column":9}},"95":{"start":{"line":218,"column":10},"end":{"line":218,"column":48}},"96":{"start":{"line":222,"column":4},"end":{"line":222,"column":77}},"97":{"start":{"line":224,"column":4},"end":{"line":228,"column":7}},"98":{"start":{"line":231,"column":4},"end":{"line":240,"column":13}},"99":{"start":{"line":232,"column":8},"end":{"line":232,"column":161}},"100":{"start":{"line":233,"column":8},"end":{"line":239,"column":9}},"101":{"start":{"line":234,"column":12},"end":{"line":234,"column":90}},"102":{"start":{"line":235,"column":12},"end":{"line":235,"column":33}},"103":{"start":{"line":237,"column":12},"end":{"line":237,"column":102}},"104":{"start":{"line":238,"column":12},"end":{"line":238,"column":89}},"105":{"start":{"line":247,"column":4},"end":{"line":249,"column":5}},"106":{"start":{"line":248,"column":6},"end":{"line":248,"column":13}},"107":{"start":{"line":251,"column":18},"end":{"line":251,"column":63}},"108":{"start":{"line":252,"column":4},"end":{"line":252,"column":71}},"109":{"start":{"line":252,"column":64},"end":{"line":252,"column":71}},"110":{"start":{"line":256,"column":4},"end":{"line":256,"column":54}},"111":{"start":{"line":256,"column":47},"end":{"line":256,"column":54}},"112":{"start":{"line":258,"column":4},"end":{"line":258,"column":49}},"113":{"start":{"line":259,"column":4},"end":{"line":259,"column":102}},"114":{"start":{"line":260,"column":4},"end":{"line":260,"column":54}},"115":{"start":{"line":261,"column":4},"end":{"line":261,"column":73}},"116":{"start":{"line":262,"column":4},"end":{"line":262,"column":58}},"117":{"start":{"line":265,"column":34},"end":{"line":265,"column":104}},"118":{"start":{"line":266,"column":4},"end":{"line":266,"column":107}},"119":{"start":{"line":267,"column":28},"end":{"line":271,"column":5}},"120":{"start":{"line":275,"column":4},"end":{"line":280,"column":7}},"121":{"start":{"line":287,"column":4},"end":{"line":287,"column":49}},"122":{"start":{"line":288,"column":4},"end":{"line":288,"column":24}},"123":{"start":{"line":289,"column":4},"end":{"line":289,"column":30}},"124":{"start":{"line":291,"column":4},"end":{"line":291,"column":39}},"125":{"start":{"line":293,"column":18},"end":{"line":293,"column":63}},"126":{"start":{"line":294,"column":20},"end":{"line":294,"column":80}},"127":{"start":{"line":295,"column":24},"end":{"line":304,"column":11}},"128":{"start":{"line":296,"column":21},"end":{"line":296,"column":40}},"129":{"start":{"line":297,"column":24},"end":{"line":297,"column":55}},"130":{"start":{"line":298,"column":19},"end":{"line":304,"column":9}},"131":{"start":{"line":306,"column":4},"end":{"line":306,"column":69}},"132":{"start":{"line":307,"column":4},"end":{"line":311,"column":7}},"133":{"start":{"line":313,"column":4},"end":{"line":317,"column":53}},"134":{"start":{"line":314,"column":6},"end":{"line":314,"column":123}},"135":{"start":{"line":315,"column":6},"end":{"line":315,"column":54}},"136":{"start":{"line":316,"column":6},"end":{"line":316,"column":86}},"137":{"start":{"line":318,"column":4},"end":{"line":318,"column":48}},"138":{"start":{"line":325,"column":22},"end":{"line":325,"column":54}},"139":{"start":{"line":326,"column":23},"end":{"line":326,"column":60}},"140":{"start":{"line":327,"column":18},"end":{"line":327,"column":54}},"141":{"start":{"line":329,"column":27},"end":{"line":329,"column":29}},"142":{"start":{"line":330,"column":4},"end":{"line":334,"column":5}},"143":{"start":{"line":330,"column":17},"end":{"line":330,"column":18}},"144":{"start":{"line":331,"column":6},"end":{"line":333,"column":7}},"145":{"start":{"line":332,"column":8},"end":{"line":332,"column":33}},"146":{"start":{"line":337,"column":4},"end":{"line":340,"column":5}},"147":{"start":{"line":337,"column":17},"end":{"line":337,"column":44}},"148":{"start":{"line":338,"column":16},"end":{"line":338,"column":51}},"149":{"start":{"line":339,"column":6},"end":{"line":339,"column":94}},"150":{"start":{"line":342,"column":4},"end":{"line":354,"column":7}},"151":{"start":{"line":343,"column":28},"end":{"line":343,"column":44}},"152":{"start":{"line":344,"column":20},"end":{"line":344,"column":69}},"153":{"start":{"line":346,"column":6},"end":{"line":353,"column":16}},"154":{"start":{"line":347,"column":8},"end":{"line":352,"column":9}},"155":{"start":{"line":348,"column":10},"end":{"line":351,"column":13}},"156":{"start":{"line":362,"column":18},"end":{"line":362,"column":45}},"157":{"start":{"line":363,"column":4},"end":{"line":363,"column":28}},"158":{"start":{"line":364,"column":4},"end":{"line":364,"column":17}},"159":{"start":{"line":372,"column":4},"end":{"line":372,"column":38}},"160":{"start":{"line":373,"column":4},"end":{"line":373,"column":21}},"161":{"start":{"line":381,"column":22},"end":{"line":398,"column":5}},"162":{"start":{"line":399,"column":4},"end":{"line":399,"column":21}},"163":{"start":{"line":403,"column":0},"end":{"line":403,"column":28}}},"fnMap":{"0":{"name":"(anonymous_0)","decl":{"start":{"line":18,"column":2},"end":{"line":18,"column":3}},"loc":{"start":{"line":18,"column":72},"end":{"line":31,"column":3}},"line":18},"1":{"name":"(anonymous_1)","decl":{"start":{"line":36,"column":2},"end":{"line":36,"column":3}},"loc":{"start":{"line":36,"column":9},"end":{"line":55,"column":3}},"line":36},"2":{"name":"(anonymous_2)","decl":{"start":{"line":37,"column":48},"end":{"line":37,"column":49}},"loc":{"start":{"line":37,"column":64},"end":{"line":41,"column":5}},"line":37},"3":{"name":"(anonymous_3)","decl":{"start":{"line":43,"column":51},"end":{"line":43,"column":52}},"loc":{"start":{"line":43,"column":67},"end":{"line":47,"column":5}},"line":43},"4":{"name":"(anonymous_4)","decl":{"start":{"line":49,"column":50},"end":{"line":49,"column":51}},"loc":{"start":{"line":49,"column":66},"end":{"line":54,"column":5}},"line":49},"5":{"name":"(anonymous_5)","decl":{"start":{"line":60,"column":2},"end":{"line":60,"column":3}},"loc":{"start":{"line":60,"column":20},"end":{"line":74,"column":3}},"line":60},"6":{"name":"(anonymous_6)","decl":{"start":{"line":79,"column":2},"end":{"line":79,"column":3}},"loc":{"start":{"line":79,"column":30},"end":{"line":132,"column":3}},"line":79},"7":{"name":"(anonymous_7)","decl":{"start":{"line":111,"column":16},"end":{"line":111,"column":17}},"loc":{"start":{"line":111,"column":21},"end":{"line":111,"column":40}},"line":111},"8":{"name":"(anonymous_8)","decl":{"start":{"line":112,"column":14},"end":{"line":112,"column":15}},"loc":{"start":{"line":112,"column":24},"end":{"line":112,"column":55}},"line":112},"9":{"name":"(anonymous_9)","decl":{"start":{"line":113,"column":13},"end":{"line":113,"column":14}},"loc":{"start":{"line":113,"column":19},"end":{"line":119,"column":9}},"line":113},"10":{"name":"(anonymous_10)","decl":{"start":{"line":131,"column":19},"end":{"line":131,"column":20}},"loc":{"start":{"line":131,"column":25},"end":{"line":131,"column":45}},"line":131},"11":{"name":"(anonymous_11)","decl":{"start":{"line":139,"column":2},"end":{"line":139,"column":3}},"loc":{"start":{"line":139,"column":32},"end":{"line":169,"column":3}},"line":139},"12":{"name":"(anonymous_12)","decl":{"start":{"line":174,"column":2},"end":{"line":174,"column":3}},"loc":{"start":{"line":174,"column":24},"end":{"line":193,"column":3}},"line":174},"13":{"name":"(anonymous_13)","decl":{"start":{"line":192,"column":19},"end":{"line":192,"column":20}},"loc":{"start":{"line":192,"column":25},"end":{"line":192,"column":45}},"line":192},"14":{"name":"(anonymous_14)","decl":{"start":{"line":198,"column":2},"end":{"line":198,"column":3}},"loc":{"start":{"line":198,"column":24},"end":{"line":241,"column":3}},"line":198},"15":{"name":"(anonymous_15)","decl":{"start":{"line":231,"column":19},"end":{"line":231,"column":20}},"loc":{"start":{"line":231,"column":31},"end":{"line":240,"column":5}},"line":231},"16":{"name":"(anonymous_16)","decl":{"start":{"line":246,"column":2},"end":{"line":246,"column":3}},"loc":{"start":{"line":246,"column":46},"end":{"line":281,"column":3}},"line":246},"17":{"name":"(anonymous_17)","decl":{"start":{"line":286,"column":2},"end":{"line":286,"column":3}},"loc":{"start":{"line":286,"column":18},"end":{"line":319,"column":3}},"line":286},"18":{"name":"(anonymous_18)","decl":{"start":{"line":296,"column":16},"end":{"line":296,"column":17}},"loc":{"start":{"line":296,"column":21},"end":{"line":296,"column":40}},"line":296},"19":{"name":"(anonymous_19)","decl":{"start":{"line":297,"column":14},"end":{"line":297,"column":15}},"loc":{"start":{"line":297,"column":24},"end":{"line":297,"column":55}},"line":297},"20":{"name":"(anonymous_20)","decl":{"start":{"line":298,"column":13},"end":{"line":298,"column":14}},"loc":{"start":{"line":298,"column":19},"end":{"line":304,"column":9}},"line":298},"21":{"name":"(anonymous_21)","decl":{"start":{"line":313,"column":19},"end":{"line":313,"column":20}},"loc":{"start":{"line":313,"column":31},"end":{"line":317,"column":5}},"line":313},"22":{"name":"(anonymous_22)","decl":{"start":{"line":324,"column":2},"end":{"line":324,"column":3}},"loc":{"start":{"line":324,"column":28},"end":{"line":355,"column":3}},"line":324},"23":{"name":"(anonymous_23)","decl":{"start":{"line":342,"column":18},"end":{"line":342,"column":19}},"loc":{"start":{"line":342,"column":35},"end":{"line":354,"column":5}},"line":342},"24":{"name":"(anonymous_24)","decl":{"start":{"line":346,"column":21},"end":{"line":346,"column":22}},"loc":{"start":{"line":346,"column":27},"end":{"line":353,"column":7}},"line":346},"25":{"name":"(anonymous_25)","decl":{"start":{"line":361,"column":2},"end":{"line":361,"column":3}},"loc":{"start":{"line":361,"column":29},"end":{"line":365,"column":3}},"line":361},"26":{"name":"(anonymous_26)","decl":{"start":{"line":371,"column":2},"end":{"line":371,"column":3}},"loc":{"start":{"line":371,"column":17},"end":{"line":374,"column":3}},"line":371},"27":{"name":"(anonymous_27)","decl":{"start":{"line":380,"column":2},"end":{"line":380,"column":3}},"loc":{"start":{"line":380,"column":20},"end":{"line":400,"column":3}},"line":380}},"branchMap":{"0":{"loc":{"start":{"line":38,"column":6},"end":{"line":40,"column":7}},"type":"if","locations":[{"start":{"line":38,"column":6},"end":{"line":40,"column":7}},{"start":{},"end":{}}],"line":38},"1":{"loc":{"start":{"line":38,"column":10},"end":{"line":38,"column":49}},"type":"binary-expr","locations":[{"start":{"line":38,"column":10},"end":{"line":38,"column":14}},{"start":{"line":38,"column":18},"end":{"line":38,"column":49}}],"line":38},"2":{"loc":{"start":{"line":44,"column":6},"end":{"line":46,"column":7}},"type":"if","locations":[{"start":{"line":44,"column":6},"end":{"line":46,"column":7}},{"start":{},"end":{}}],"line":44},"3":{"loc":{"start":{"line":44,"column":10},"end":{"line":44,"column":49}},"type":"binary-expr","locations":[{"start":{"line":44,"column":10},"end":{"line":44,"column":14}},{"start":{"line":44,"column":18},"end":{"line":44,"column":49}}],"line":44},"4":{"loc":{"start":{"line":50,"column":6},"end":{"line":53,"column":7}},"type":"if","locations":[{"start":{"line":50,"column":6},"end":{"line":53,"column":7}},{"start":{},"end":{}}],"line":50},"5":{"loc":{"start":{"line":50,"column":10},"end":{"line":50,"column":49}},"type":"binary-expr","locations":[{"start":{"line":50,"column":10},"end":{"line":50,"column":14}},{"start":{"line":50,"column":18},"end":{"line":50,"column":49}}],"line":50},"6":{"loc":{"start":{"line":61,"column":4},"end":{"line":61,"column":34}},"type":"if","locations":[{"start":{"line":61,"column":4},"end":{"line":61,"column":34}},{"start":{},"end":{}}],"line":61},"7":{"loc":{"start":{"line":85,"column":4},"end":{"line":89,"column":5}},"type":"if","locations":[{"start":{"line":85,"column":4},"end":{"line":89,"column":5}},{"start":{},"end":{}}],"line":85},"8":{"loc":{"start":{"line":94,"column":4},"end":{"line":102,"column":5}},"type":"if","locations":[{"start":{"line":94,"column":4},"end":{"line":102,"column":5}},{"start":{},"end":{}}],"line":94},"9":{"loc":{"start":{"line":94,"column":8},"end":{"line":94,"column":30}},"type":"binary-expr","locations":[{"start":{"line":94,"column":8},"end":{"line":94,"column":13}},{"start":{"line":94,"column":17},"end":{"line":94,"column":30}}],"line":94},"10":{"loc":{"start":{"line":98,"column":36},"end":{"line":98,"column":65}},"type":"binary-expr","locations":[{"start":{"line":98,"column":36},"end":{"line":98,"column":60}},{"start":{"line":98,"column":64},"end":{"line":98,"column":65}}],"line":98},"11":{"loc":{"start":{"line":109,"column":20},"end":{"line":109,"column":101}},"type":"cond-expr","locations":[{"start":{"line":109,"column":61},"end":{"line":109,"column":96}},{"start":{"line":109,"column":99},"end":{"line":109,"column":101}}],"line":109},"12":{"loc":{"start":{"line":109,"column":21},"end":{"line":109,"column":57}},"type":"binary-expr","locations":[{"start":{"line":109,"column":21},"end":{"line":109,"column":33}},{"start":{"line":109,"column":37},"end":{"line":109,"column":57}}],"line":109},"13":{"loc":{"start":{"line":112,"column":25},"end":{"line":112,"column":37}},"type":"binary-expr","locations":[{"start":{"line":112,"column":25},"end":{"line":112,"column":32}},{"start":{"line":112,"column":36},"end":{"line":112,"column":37}}],"line":112},"14":{"loc":{"start":{"line":112,"column":42},"end":{"line":112,"column":54}},"type":"binary-expr","locations":[{"start":{"line":112,"column":42},"end":{"line":112,"column":49}},{"start":{"line":112,"column":53},"end":{"line":112,"column":54}}],"line":112},"15":{"loc":{"start":{"line":116,"column":17},"end":{"line":116,"column":29}},"type":"binary-expr","locations":[{"start":{"line":116,"column":17},"end":{"line":116,"column":24}},{"start":{"line":116,"column":28},"end":{"line":116,"column":29}}],"line":116},"16":{"loc":{"start":{"line":117,"column":29},"end":{"line":117,"column":53}},"type":"binary-expr","locations":[{"start":{"line":117,"column":29},"end":{"line":117,"column":48}},{"start":{"line":117,"column":52},"end":{"line":117,"column":53}}],"line":117},"17":{"loc":{"start":{"line":118,"column":30},"end":{"line":118,"column":55}},"type":"binary-expr","locations":[{"start":{"line":118,"column":30},"end":{"line":118,"column":50}},{"start":{"line":118,"column":54},"end":{"line":118,"column":55}}],"line":118},"18":{"loc":{"start":{"line":141,"column":4},"end":{"line":141,"column":41}},"type":"if","locations":[{"start":{"line":141,"column":4},"end":{"line":141,"column":41}},{"start":{},"end":{}}],"line":141},"19":{"loc":{"start":{"line":141,"column":8},"end":{"line":141,"column":32}},"type":"binary-expr","locations":[{"start":{"line":141,"column":8},"end":{"line":141,"column":14}},{"start":{"line":141,"column":18},"end":{"line":141,"column":32}}],"line":141},"20":{"loc":{"start":{"line":146,"column":6},"end":{"line":161,"column":7}},"type":"if","locations":[{"start":{"line":146,"column":6},"end":{"line":161,"column":7}},{"start":{"line":159,"column":13},"end":{"line":161,"column":7}}],"line":146},"21":{"loc":{"start":{"line":146,"column":10},"end":{"line":146,"column":56}},"type":"binary-expr","locations":[{"start":{"line":146,"column":10},"end":{"line":146,"column":34}},{"start":{"line":146,"column":38},"end":{"line":146,"column":56}}],"line":146},"22":{"loc":{"start":{"line":158,"column":24},"end":{"line":158,"column":41}},"type":"binary-expr","locations":[{"start":{"line":158,"column":24},"end":{"line":158,"column":36}},{"start":{"line":158,"column":40},"end":{"line":158,"column":41}}],"line":158},"23":{"loc":{"start":{"line":159,"column":13},"end":{"line":161,"column":7}},"type":"if","locations":[{"start":{"line":159,"column":13},"end":{"line":161,"column":7}},{"start":{},"end":{}}],"line":159},"24":{"loc":{"start":{"line":199,"column":4},"end":{"line":199,"column":38}},"type":"if","locations":[{"start":{"line":199,"column":4},"end":{"line":199,"column":38}},{"start":{},"end":{}}],"line":199},"25":{"loc":{"start":{"line":203,"column":4},"end":{"line":221,"column":5}},"type":"if","locations":[{"start":{"line":203,"column":4},"end":{"line":221,"column":5}},{"start":{},"end":{}}],"line":203},"26":{"loc":{"start":{"line":203,"column":8},"end":{"line":203,"column":30}},"type":"binary-expr","locations":[{"start":{"line":203,"column":8},"end":{"line":203,"column":13}},{"start":{"line":203,"column":17},"end":{"line":203,"column":30}}],"line":203},"27":{"loc":{"start":{"line":207,"column":8},"end":{"line":219,"column":9}},"type":"if","locations":[{"start":{"line":207,"column":8},"end":{"line":219,"column":9}},{"start":{"line":217,"column":15},"end":{"line":219,"column":9}}],"line":207},"28":{"loc":{"start":{"line":207,"column":12},"end":{"line":207,"column":58}},"type":"binary-expr","locations":[{"start":{"line":207,"column":12},"end":{"line":207,"column":36}},{"start":{"line":207,"column":40},"end":{"line":207,"column":58}}],"line":207},"29":{"loc":{"start":{"line":217,"column":15},"end":{"line":219,"column":9}},"type":"if","locations":[{"start":{"line":217,"column":15},"end":{"line":219,"column":9}},{"start":{},"end":{}}],"line":217},"30":{"loc":{"start":{"line":233,"column":8},"end":{"line":239,"column":9}},"type":"if","locations":[{"start":{"line":233,"column":8},"end":{"line":239,"column":9}},{"start":{"line":236,"column":15},"end":{"line":239,"column":9}}],"line":233},"31":{"loc":{"start":{"line":247,"column":4},"end":{"line":249,"column":5}},"type":"if","locations":[{"start":{"line":247,"column":4},"end":{"line":249,"column":5}},{"start":{},"end":{}}],"line":247},"32":{"loc":{"start":{"line":247,"column":8},"end":{"line":247,"column":56}},"type":"binary-expr","locations":[{"start":{"line":247,"column":8},"end":{"line":247,"column":29}},{"start":{"line":247,"column":33},"end":{"line":247,"column":56}}],"line":247},"33":{"loc":{"start":{"line":252,"column":4},"end":{"line":252,"column":71}},"type":"if","locations":[{"start":{"line":252,"column":4},"end":{"line":252,"column":71}},{"start":{},"end":{}}],"line":252},"34":{"loc":{"start":{"line":252,"column":8},"end":{"line":252,"column":62}},"type":"binary-expr","locations":[{"start":{"line":252,"column":8},"end":{"line":252,"column":14}},{"start":{"line":252,"column":18},"end":{"line":252,"column":32}},{"start":{"line":252,"column":36},"end":{"line":252,"column":62}}],"line":252},"35":{"loc":{"start":{"line":256,"column":4},"end":{"line":256,"column":54}},"type":"if","locations":[{"start":{"line":256,"column":4},"end":{"line":256,"column":54}},{"start":{},"end":{}}],"line":256},"36":{"loc":{"start":{"line":294,"column":20},"end":{"line":294,"column":80}},"type":"cond-expr","locations":[{"start":{"line":294,"column":47},"end":{"line":294,"column":75}},{"start":{"line":294,"column":78},"end":{"line":294,"column":80}}],"line":294},"37":{"loc":{"start":{"line":294,"column":21},"end":{"line":294,"column":43}},"type":"binary-expr","locations":[{"start":{"line":294,"column":21},"end":{"line":294,"column":26}},{"start":{"line":294,"column":30},"end":{"line":294,"column":43}}],"line":294},"38":{"loc":{"start":{"line":297,"column":25},"end":{"line":297,"column":37}},"type":"binary-expr","locations":[{"start":{"line":297,"column":25},"end":{"line":297,"column":32}},{"start":{"line":297,"column":36},"end":{"line":297,"column":37}}],"line":297},"39":{"loc":{"start":{"line":297,"column":42},"end":{"line":297,"column":54}},"type":"binary-expr","locations":[{"start":{"line":297,"column":42},"end":{"line":297,"column":49}},{"start":{"line":297,"column":53},"end":{"line":297,"column":54}}],"line":297},"40":{"loc":{"start":{"line":301,"column":17},"end":{"line":301,"column":29}},"type":"binary-expr","locations":[{"start":{"line":301,"column":17},"end":{"line":301,"column":24}},{"start":{"line":301,"column":28},"end":{"line":301,"column":29}}],"line":301},"41":{"loc":{"start":{"line":302,"column":29},"end":{"line":302,"column":53}},"type":"binary-expr","locations":[{"start":{"line":302,"column":29},"end":{"line":302,"column":48}},{"start":{"line":302,"column":52},"end":{"line":302,"column":53}}],"line":302},"42":{"loc":{"start":{"line":303,"column":30},"end":{"line":303,"column":55}},"type":"binary-expr","locations":[{"start":{"line":303,"column":30},"end":{"line":303,"column":50}},{"start":{"line":303,"column":54},"end":{"line":303,"column":55}}],"line":303},"43":{"loc":{"start":{"line":331,"column":6},"end":{"line":333,"column":7}},"type":"if","locations":[{"start":{"line":331,"column":6},"end":{"line":333,"column":7}},{"start":{},"end":{}}],"line":331},"44":{"loc":{"start":{"line":347,"column":8},"end":{"line":352,"column":9}},"type":"if","locations":[{"start":{"line":347,"column":8},"end":{"line":352,"column":9}},{"start":{},"end":{}}],"line":347},"45":{"loc":{"start":{"line":347,"column":12},"end":{"line":347,"column":73}},"type":"binary-expr","locations":[{"start":{"line":347,"column":12},"end":{"line":347,"column":32}},{"start":{"line":347,"column":36},"end":{"line":347,"column":73}}],"line":347},"46":{"loc":{"start":{"line":386,"column":23},"end":{"line":391,"column":14}},"type":"cond-expr","locations":[{"start":{"line":386,"column":46},"end":{"line":391,"column":7}},{"start":{"line":391,"column":10},"end":{"line":391,"column":14}}],"line":386}},"s":{"0":1,"1":1,"2":41,"3":41,"4":41,"5":41,"6":41,"7":41,"8":41,"9":41,"10":41,"11":41,"12":41,"13":10,"14":3,"15":1,"16":10,"17":3,"18":1,"19":10,"20":3,"21":1,"22":1,"23":3,"24":1,"25":2,"26":2,"27":2,"28":2,"29":2,"30":2,"31":6,"32":6,"33":6,"34":6,"35":6,"36":1,"37":1,"38":1,"39":5,"40":5,"41":5,"42":5,"43":7,"44":7,"45":7,"46":5,"47":5,"48":5,"49":5,"50":5,"51":7,"52":5,"53":5,"54":5,"55":5,"56":0,"57":12,"58":12,"59":2,"60":10,"61":13,"62":13,"63":3,"64":3,"65":3,"66":3,"67":3,"68":10,"69":7,"70":13,"71":13,"72":13,"73":13,"74":10,"75":1,"76":1,"77":1,"78":1,"79":1,"80":0,"81":6,"82":1,"83":5,"84":5,"85":5,"86":5,"87":7,"88":7,"89":7,"90":4,"91":4,"92":4,"93":4,"94":3,"95":3,"96":5,"97":5,"98":5,"99":2,"100":2,"101":1,"102":1,"103":1,"104":1,"105":9,"106":2,"107":7,"108":7,"109":3,"110":4,"111":1,"112":3,"113":3,"114":3,"115":3,"116":3,"117":3,"118":3,"119":3,"120":3,"121":2,"122":2,"123":2,"124":2,"125":2,"126":2,"127":2,"128":0,"129":0,"130":0,"131":2,"132":2,"133":2,"134":1,"135":1,"136":1,"137":2,"138":4,"139":4,"140":4,"141":4,"142":4,"143":4,"144":14,"145":10,"146":4,"147":4,"148":6,"149":6,"150":4,"151":12,"152":12,"153":12,"154":6,"155":3,"156":25,"157":25,"158":25,"159":50,"160":50,"161":1,"162":1,"163":1},"f":{"0":41,"1":10,"2":3,"3":3,"4":3,"5":3,"6":6,"7":7,"8":5,"9":5,"10":0,"11":12,"12":1,"13":0,"14":6,"15":2,"16":9,"17":2,"18":0,"19":0,"20":0,"21":1,"22":4,"23":12,"24":6,"25":25,"26":50,"27":1},"b":{"0":[1,2],"1":[3,2],"2":[1,2],"3":[3,2],"4":[1,2],"5":[3,2],"6":[1,2],"7":[1,5],"8":[5,0],"9":[5,5],"10":[7,6],"11":[5,0],"12":[5,5],"13":[5,0],"14":[5,0],"15":[5,0],"16":[5,4],"17":[5,4],"18":[2,10],"19":[12,11],"20":[3,10],"21":[13,10],"22":[3,2],"23":[7,3],"24":[1,5],"25":[5,0],"26":[5,5],"27":[4,3],"28":[7,7],"29":[3,0],"30":[1,1],"31":[2,7],"32":[9,8],"33":[3,4],"34":[7,6,5],"35":[1,3],"36":[2,0],"37":[2,2],"38":[0,0],"39":[0,0],"40":[0,0],"41":[0,0],"42":[0,0],"43":[10,4],"44":[3,3],"45":[6,5],"46":[1,0]},"_coverageSchema":"1a1c01bbd47fc00a2c39e90264f33305004495a9","hash":"4266136d73e5b59a743a56815f71cc566f445022"}
,"C:\\Users\\joewa\\Desktop\\VSCodeProjects\\trivia-platform\\server\\infrastructure\\InMemoryGameRepository.js": {"path":"C:\\Users\\joewa\\Desktop\\VSCodeProjects\\trivia-platform\\server\\infrastructure\\InMemoryGameRepository.js","statementMap":{"0":{"start":{"line":17,"column":4},"end":{"line":17,"column":27}},"1":{"start":{"line":26,"column":4},"end":{"line":26,"column":36}},"2":{"start":{"line":35,"column":4},"end":{"line":38,"column":7}},"3":{"start":{"line":48,"column":17},"end":{"line":48,"column":41}},"4":{"start":{"line":49,"column":4},"end":{"line":51,"column":5}},"5":{"start":{"line":50,"column":6},"end":{"line":50,"column":25}},"6":{"start":{"line":60,"column":17},"end":{"line":60,"column":41}},"7":{"start":{"line":61,"column":4},"end":{"line":61,"column":36}},"8":{"start":{"line":70,"column":4},"end":{"line":70,"column":32}},"9":{"start":{"line":74,"column":0},"end":{"line":74,"column":40}}},"fnMap":{"0":{"name":"(anonymous_0)","decl":{"start":{"line":16,"column":2},"end":{"line":16,"column":3}},"loc":{"start":{"line":16,"column":16},"end":{"line":18,"column":3}},"line":16},"1":{"name":"(anonymous_1)","decl":{"start":{"line":25,"column":2},"end":{"line":25,"column":3}},"loc":{"start":{"line":25,"column":25},"end":{"line":27,"column":3}},"line":25},"2":{"name":"(anonymous_2)","decl":{"start":{"line":34,"column":2},"end":{"line":34,"column":3}},"loc":{"start":{"line":34,"column":29},"end":{"line":39,"column":3}},"line":34},"3":{"name":"(anonymous_3)","decl":{"start":{"line":47,"column":2},"end":{"line":47,"column":3}},"loc":{"start":{"line":47,"column":35},"end":{"line":52,"column":3}},"line":47},"4":{"name":"(anonymous_4)","decl":{"start":{"line":59,"column":2},"end":{"line":59,"column":3}},"loc":{"start":{"line":59,"column":27},"end":{"line":62,"column":3}},"line":59},"5":{"name":"(anonymous_5)","decl":{"start":{"line":69,"column":2},"end":{"line":69,"column":3}},"loc":{"start":{"line":69,"column":29},"end":{"line":71,"column":3}},"line":69}},"branchMap":{"0":{"loc":{"start":{"line":49,"column":4},"end":{"line":51,"column":5}},"type":"if","locations":[{"start":{"line":49,"column":4},"end":{"line":51,"column":5}},{"start":{},"end":{}}],"line":49},"1":{"loc":{"start":{"line":61,"column":11},"end":{"line":61,"column":35}},"type":"cond-expr","locations":[{"start":{"line":61,"column":18},"end":{"line":61,"column":28}},{"start":{"line":61,"column":31},"end":{"line":61,"column":35}}],"line":61}},"s":{"0":5,"1":3,"2":3,"3":2,"4":2,"5":1,"6":3,"7":3,"8":1,"9":1},"f":{"0":5,"1":3,"2":3,"3":2,"4":3,"5":1},"b":{"0":[1,1],"1":[1,2]},"_coverageSchema":"1a1c01bbd47fc00a2c39e90264f33305004495a9","hash":"3a32c4f22e5b8f7fca0c4be99c699ad29d14d4b1"}
,"C:\\Users\\joewa\\Desktop\\VSCodeProjects\\trivia-platform\\server\\infrastructure\\OpenTDBProvider.js": {"path":"C:\\Users\\joewa\\Desktop\\VSCodeProjects\\trivia-platform\\server\\infrastructure\\OpenTDBProvider.js","statementMap":{"0":{"start":{"line":8,"column":11},"end":{"line":8,"column":24}},"1":{"start":{"line":15,"column":4},"end":{"line":15,"column":48}},"2":{"start":{"line":24,"column":16},"end":{"line":24,"column":79}},"3":{"start":{"line":26,"column":21},"end":{"line":26,"column":37}},"4":{"start":{"line":27,"column":4},"end":{"line":29,"column":5}},"5":{"start":{"line":28,"column":6},"end":{"line":28,"column":58}},"6":{"start":{"line":31,"column":17},"end":{"line":31,"column":38}},"7":{"start":{"line":32,"column":4},"end":{"line":34,"column":5}},"8":{"start":{"line":33,"column":6},"end":{"line":33,"column":77}},"9":{"start":{"line":36,"column":4},"end":{"line":36,"column":58}},"10":{"start":{"line":36,"column":33},"end":{"line":36,"column":56}},"11":{"start":{"line":48,"column":20},"end":{"line":48,"column":68}},"12":{"start":{"line":51,"column":4},"end":{"line":54,"column":5}},"13":{"start":{"line":51,"column":17},"end":{"line":51,"column":35}},"14":{"start":{"line":52,"column":16},"end":{"line":52,"column":51}},"15":{"start":{"line":53,"column":6},"end":{"line":53,"column":58}},"16":{"start":{"line":57,"column":25},"end":{"line":57,"column":61}},"17":{"start":{"line":59,"column":4},"end":{"line":65,"column":6}},"18":{"start":{"line":63,"column":34},"end":{"line":63,"column":55}},"19":{"start":{"line":75,"column":4},"end":{"line":75,"column":25}},"20":{"start":{"line":75,"column":15},"end":{"line":75,"column":25}},"21":{"start":{"line":76,"column":4},"end":{"line":76,"column":27}},"22":{"start":{"line":80,"column":0},"end":{"line":80,"column":33}}},"fnMap":{"0":{"name":"(anonymous_0)","decl":{"start":{"line":14,"column":2},"end":{"line":14,"column":3}},"loc":{"start":{"line":14,"column":16},"end":{"line":16,"column":3}},"line":14},"1":{"name":"(anonymous_1)","decl":{"start":{"line":23,"column":2},"end":{"line":23,"column":3}},"loc":{"start":{"line":23,"column":34},"end":{"line":37,"column":3}},"line":23},"2":{"name":"(anonymous_2)","decl":{"start":{"line":36,"column":28},"end":{"line":36,"column":29}},"loc":{"start":{"line":36,"column":33},"end":{"line":36,"column":56}},"line":36},"3":{"name":"(anonymous_3)","decl":{"start":{"line":46,"column":2},"end":{"line":46,"column":3}},"loc":{"start":{"line":46,"column":24},"end":{"line":66,"column":3}},"line":46},"4":{"name":"(anonymous_4)","decl":{"start":{"line":63,"column":27},"end":{"line":63,"column":28}},"loc":{"start":{"line":63,"column":34},"end":{"line":63,"column":55}},"line":63},"5":{"name":"(anonymous_5)","decl":{"start":{"line":74,"column":2},"end":{"line":74,"column":3}},"loc":{"start":{"line":74,"column":20},"end":{"line":77,"column":3}},"line":74}},"branchMap":{"0":{"loc":{"start":{"line":23,"column":21},"end":{"line":23,"column":32}},"type":"default-arg","locations":[{"start":{"line":23,"column":30},"end":{"line":23,"column":32}}],"line":23},"1":{"loc":{"start":{"line":27,"column":4},"end":{"line":29,"column":5}},"type":"if","locations":[{"start":{"line":27,"column":4},"end":{"line":29,"column":5}},{"start":{},"end":{}}],"line":27},"2":{"loc":{"start":{"line":32,"column":4},"end":{"line":34,"column":5}},"type":"if","locations":[{"start":{"line":32,"column":4},"end":{"line":34,"column":5}},{"start":{},"end":{}}],"line":32},"3":{"loc":{"start":{"line":75,"column":4},"end":{"line":75,"column":25}},"type":"if","locations":[{"start":{"line":75,"column":4},"end":{"line":75,"column":25}},{"start":{},"end":{}}],"line":75}},"s":{"0":1,"1":4,"2":4,"3":4,"4":4,"5":1,"6":3,"7":3,"8":1,"9":2,"10":2,"11":2,"12":2,"13":2,"14":6,"15":6,"16":2,"17":2,"18":8,"19":12,"20":1,"21":11,"22":1},"f":{"0":4,"1":4,"2":2,"3":2,"4":8,"5":12},"b":{"0":[1],"1":[1,3],"2":[1,2],"3":[1,11]},"_coverageSchema":"1a1c01bbd47fc00a2c39e90264f33305004495a9","hash":"90c4c1b83c5d389db7cde69fdd6aeeca6ef48240"}
}
