{"C:\\Users\\joewa\\Desktop\\trivia-platform\\config.js": {"path":"C:\\Users\\joewa\\Desktop\\trivia-platform\\config.js","statementMap":{"0":{"start":{"line":8,"column":0},"end":{"line":36,"column":2}}},"fnMap":{},"branchMap":{"0":{"loc":{"start":{"line":10,"column":8},"end":{"line":10,"column":32}},"type":"binary-expr","locations":[{"start":{"line":10,"column":8},"end":{"line":10,"column":24}},{"start":{"line":10,"column":28},"end":{"line":10,"column":32}}],"line":10}},"s":{"0":4},"f":{},"b":{"0":[4,4]},"_coverageSchema":"1a1c01bbd47fc00a2c39e90264f33305004495a9","hash":"927b1bb2173a49e4c3bd3d70cc1db98e8ab95187"}
,"C:\\Users\\joewa\\Desktop\\trivia-platform\\server\\core\\EventTypes.js": {"path":"C:\\Users\\joewa\\Desktop\\trivia-platform\\server\\core\\EventTypes.js","statementMap":{"0":{"start":{"line":9,"column":0},"end":{"line":31,"column":2}}},"fnMap":{},"branchMap":{},"s":{"0":3},"f":{},"b":{},"_coverageSchema":"1a1c01bbd47fc00a2c39e90264f33305004495a9","hash":"9bc7bb57e6f9324fa352147325a7dab8d54b4f63"}
,"C:\\Users\\joewa\\Desktop\\trivia-platform\\server\\core\\PlatformEventBus.js": {"path":"C:\\Users\\joewa\\Desktop\\trivia-platform\\server\\core\\PlatformEventBus.js","statementMap":{"0":{"start":{"line":8,"column":21},"end":{"line":8,"column":38}},"1":{"start":{"line":15,"column":4},"end":{"line":15,"column":12}},"2":{"start":{"line":24,"column":4},"end":{"line":24,"column":37}},"3":{"start":{"line":33,"column":4},"end":{"line":33,"column":49}},"4":{"start":{"line":42,"column":4},"end":{"line":42,"column":35}},"5":{"start":{"line":46,"column":0},"end":{"line":46,"column":34}}},"fnMap":{"0":{"name":"(anonymous_0)","decl":{"start":{"line":14,"column":2},"end":{"line":14,"column":3}},"loc":{"start":{"line":14,"column":16},"end":{"line":16,"column":3}},"line":14},"1":{"name":"(anonymous_1)","decl":{"start":{"line":23,"column":2},"end":{"line":23,"column":3}},"loc":{"start":{"line":23,"column":22},"end":{"line":25,"column":3}},"line":23},"2":{"name":"(anonymous_2)","decl":{"start":{"line":32,"column":2},"end":{"line":32,"column":3}},"loc":{"start":{"line":32,"column":23},"end":{"line":34,"column":3}},"line":32},"3":{"name":"(anonymous_3)","decl":{"start":{"line":41,"column":2},"end":{"line":41,"column":3}},"loc":{"start":{"line":41,"column":20},"end":{"line":43,"column":3}},"line":41}},"branchMap":{},"s":{"0":1,"1":3,"2":4,"3":1,"4":3,"5":1},"f":{"0":3,"1":4,"2":1,"3":3},"b":{},"_coverageSchema":"1a1c01bbd47fc00a2c39e90264f33305004495a9","hash":"d6271afdaf885ab0c777769da5a8f039fc7f1a81"}
,"C:\\Users\\joewa\\Desktop\\trivia-platform\\server\\core\\RoomManager.js": {"path":"C:\\Users\\joewa\\Desktop\\trivia-platform\\server\\core\\RoomManager.js","statementMap":{"0":{"start":{"line":8,"column":15},"end":{"line":8,"column":38}},"1":{"start":{"line":16,"column":4},"end":{"line":16,"column":33}},"2":{"start":{"line":26,"column":17},"end":{"line":26,"column":21}},"3":{"start":{"line":28,"column":4},"end":{"line":31,"column":5}},"4":{"start":{"line":29,"column":6},"end":{"line":29,"column":34}},"5":{"start":{"line":30,"column":6},"end":{"line":30,"column":50}},"6":{"start":{"line":33,"column":4},"end":{"line":33,"column":43}},"7":{"start":{"line":35,"column":4},"end":{"line":35,"column":59}},"8":{"start":{"line":37,"column":4},"end":{"line":37,"column":16}},"9":{"start":{"line":47,"column":18},"end":{"line":47,"column":58}},"10":{"start":{"line":48,"column":4},"end":{"line":50,"column":5}},"11":{"start":{"line":49,"column":6},"end":{"line":49,"column":19}},"12":{"start":{"line":52,"column":4},"end":{"line":52,"column":40}},"13":{"start":{"line":53,"column":4},"end":{"line":53,"column":53}},"14":{"start":{"line":54,"column":4},"end":{"line":54,"column":16}},"15":{"start":{"line":63,"column":18},"end":{"line":63,"column":58}},"16":{"start":{"line":64,"column":4},"end":{"line":66,"column":5}},"17":{"start":{"line":65,"column":6},"end":{"line":65,"column":23}},"18":{"start":{"line":67,"column":4},"end":{"line":67,"column":40}},"19":{"start":{"line":77,"column":18},"end":{"line":77,"column":58}},"20":{"start":{"line":78,"column":4},"end":{"line":80,"column":5}},"21":{"start":{"line":79,"column":6},"end":{"line":79,"column":23}},"22":{"start":{"line":81,"column":4},"end":{"line":81,"column":31}},"23":{"start":{"line":90,"column":4},"end":{"line":90,"column":47}},"24":{"start":{"line":99,"column":21},"end":{"line":99,"column":53}},"25":{"start":{"line":100,"column":19},"end":{"line":100,"column":49}},"26":{"start":{"line":101,"column":15},"end":{"line":101,"column":17}},"27":{"start":{"line":102,"column":4},"end":{"line":104,"column":5}},"28":{"start":{"line":102,"column":17},"end":{"line":102,"column":18}},"29":{"start":{"line":103,"column":6},"end":{"line":103,"column":75}},"30":{"start":{"line":105,"column":4},"end":{"line":105,"column":16}},"31":{"start":{"line":109,"column":0},"end":{"line":109,"column":29}}},"fnMap":{"0":{"name":"(anonymous_0)","decl":{"start":{"line":15,"column":2},"end":{"line":15,"column":3}},"loc":{"start":{"line":15,"column":26},"end":{"line":17,"column":3}},"line":15},"1":{"name":"(anonymous_1)","decl":{"start":{"line":24,"column":2},"end":{"line":24,"column":3}},"loc":{"start":{"line":24,"column":21},"end":{"line":38,"column":3}},"line":24},"2":{"name":"(anonymous_2)","decl":{"start":{"line":46,"column":2},"end":{"line":46,"column":3}},"loc":{"start":{"line":46,"column":35},"end":{"line":55,"column":3}},"line":46},"3":{"name":"(anonymous_3)","decl":{"start":{"line":62,"column":2},"end":{"line":62,"column":3}},"loc":{"start":{"line":62,"column":29},"end":{"line":68,"column":3}},"line":62},"4":{"name":"(anonymous_4)","decl":{"start":{"line":76,"column":2},"end":{"line":76,"column":3}},"loc":{"start":{"line":76,"column":40},"end":{"line":82,"column":3}},"line":76},"5":{"name":"(anonymous_5)","decl":{"start":{"line":89,"column":2},"end":{"line":89,"column":3}},"loc":{"start":{"line":89,"column":29},"end":{"line":91,"column":3}},"line":89},"6":{"name":"(anonymous_6)","decl":{"start":{"line":98,"column":2},"end":{"line":98,"column":3}},"loc":{"start":{"line":98,"column":18},"end":{"line":106,"column":3}},"line":98}},"branchMap":{"0":{"loc":{"start":{"line":48,"column":4},"end":{"line":50,"column":5}},"type":"if","locations":[{"start":{"line":48,"column":4},"end":{"line":50,"column":5}},{"start":{},"end":{}}],"line":48},"1":{"loc":{"start":{"line":64,"column":4},"end":{"line":66,"column":5}},"type":"if","locations":[{"start":{"line":64,"column":4},"end":{"line":66,"column":5}},{"start":{},"end":{}}],"line":64},"2":{"loc":{"start":{"line":78,"column":4},"end":{"line":80,"column":5}},"type":"if","locations":[{"start":{"line":78,"column":4},"end":{"line":80,"column":5}},{"start":{},"end":{}}],"line":78},"3":{"loc":{"start":{"line":78,"column":8},"end":{"line":78,"column":32}},"type":"binary-expr","locations":[{"start":{"line":78,"column":8},"end":{"line":78,"column":14}},{"start":{"line":78,"column":18},"end":{"line":78,"column":32}}],"line":78}},"s":{"0":1,"1":9,"2":2,"3":2,"4":3,"5":3,"6":2,"7":2,"8":2,"9":2,"10":2,"11":1,"12":1,"13":1,"14":1,"15":2,"16":2,"17":1,"18":1,"19":2,"20":2,"21":1,"22":1,"23":1,"24":3,"25":3,"26":3,"27":3,"28":3,"29":12,"30":3,"31":1},"f":{"0":9,"1":2,"2":2,"3":2,"4":2,"5":1,"6":3},"b":{"0":[1,1],"1":[1,1],"2":[1,1],"3":[2,1]},"_coverageSchema":"1a1c01bbd47fc00a2c39e90264f33305004495a9","hash":"e4e62ce667afbe69b4fbdba8be33c84be470f078"}
,"C:\\Users\\joewa\\Desktop\\trivia-platform\\server\\core\\SocketRouter.js": {"path":"C:\\Users\\joewa\\Desktop\\trivia-platform\\server\\core\\SocketRouter.js","statementMap":{"0":{"start":{"line":8,"column":19},"end":{"line":8,"column":42}},"1":{"start":{"line":16,"column":4},"end":{"line":16,"column":17}},"2":{"start":{"line":17,"column":4},"end":{"line":17,"column":29}},"3":{"start":{"line":25,"column":4},"end":{"line":27,"column":7}},"4":{"start":{"line":26,"column":6},"end":{"line":26,"column":73}},"5":{"start":{"line":29,"column":4},"end":{"line":32,"column":7}},"6":{"start":{"line":31,"column":6},"end":{"line":31,"column":54}},"7":{"start":{"line":35,"column":23},"end":{"line":43,"column":5}},"8":{"start":{"line":45,"column":4},"end":{"line":51,"column":7}},"9":{"start":{"line":46,"column":8},"end":{"line":50,"column":11}},"10":{"start":{"line":47,"column":12},"end":{"line":49,"column":13}},"11":{"start":{"line":48,"column":16},"end":{"line":48,"column":58}},"12":{"start":{"line":60,"column":27},"end":{"line":65,"column":5}},"13":{"start":{"line":67,"column":4},"end":{"line":74,"column":7}},"14":{"start":{"line":68,"column":8},"end":{"line":73,"column":11}},"15":{"start":{"line":69,"column":12},"end":{"line":71,"column":13}},"16":{"start":{"line":70,"column":16},"end":{"line":70,"column":43}},"17":{"start":{"line":72,"column":12},"end":{"line":72,"column":73}},"18":{"start":{"line":76,"column":4},"end":{"line":78,"column":7}},"19":{"start":{"line":77,"column":6},"end":{"line":77,"column":80}},"20":{"start":{"line":82,"column":0},"end":{"line":82,"column":30}}},"fnMap":{"0":{"name":"(anonymous_0)","decl":{"start":{"line":15,"column":2},"end":{"line":15,"column":3}},"loc":{"start":{"line":15,"column":28},"end":{"line":18,"column":3}},"line":15},"1":{"name":"(anonymous_1)","decl":{"start":{"line":23,"column":2},"end":{"line":23,"column":3}},"loc":{"start":{"line":23,"column":9},"end":{"line":52,"column":3}},"line":23},"2":{"name":"(anonymous_2)","decl":{"start":{"line":25,"column":51},"end":{"line":25,"column":52}},"loc":{"start":{"line":25,"column":61},"end":{"line":27,"column":5}},"line":25},"3":{"name":"(anonymous_3)","decl":{"start":{"line":29,"column":50},"end":{"line":29,"column":51}},"loc":{"start":{"line":29,"column":60},"end":{"line":32,"column":5}},"line":29},"4":{"name":"(anonymous_4)","decl":{"start":{"line":45,"column":23},"end":{"line":45,"column":24}},"loc":{"start":{"line":45,"column":30},"end":{"line":51,"column":5}},"line":45},"5":{"name":"(anonymous_5)","decl":{"start":{"line":46,"column":30},"end":{"line":46,"column":31}},"loc":{"start":{"line":46,"column":40},"end":{"line":50,"column":9}},"line":46},"6":{"name":"(anonymous_6)","decl":{"start":{"line":58,"column":2},"end":{"line":58,"column":3}},"loc":{"start":{"line":58,"column":25},"end":{"line":79,"column":3}},"line":58},"7":{"name":"(anonymous_7)","decl":{"start":{"line":67,"column":43},"end":{"line":67,"column":44}},"loc":{"start":{"line":67,"column":68},"end":{"line":74,"column":5}},"line":67},"8":{"name":"(anonymous_8)","decl":{"start":{"line":68,"column":29},"end":{"line":68,"column":30}},"loc":{"start":{"line":68,"column":39},"end":{"line":73,"column":9}},"line":68},"9":{"name":"(anonymous_9)","decl":{"start":{"line":76,"column":28},"end":{"line":76,"column":29}},"loc":{"start":{"line":76,"column":34},"end":{"line":78,"column":5}},"line":76}},"branchMap":{"0":{"loc":{"start":{"line":47,"column":12},"end":{"line":49,"column":13}},"type":"if","locations":[{"start":{"line":47,"column":12},"end":{"line":49,"column":13}},{"start":{},"end":{}}],"line":47},"1":{"loc":{"start":{"line":47,"column":16},"end":{"line":47,"column":37}},"type":"binary-expr","locations":[{"start":{"line":47,"column":16},"end":{"line":47,"column":20}},{"start":{"line":47,"column":24},"end":{"line":47,"column":37}}],"line":47},"2":{"loc":{"start":{"line":69,"column":12},"end":{"line":71,"column":13}},"type":"if","locations":[{"start":{"line":69,"column":12},"end":{"line":71,"column":13}},{"start":{},"end":{}}],"line":69},"3":{"loc":{"start":{"line":69,"column":16},"end":{"line":69,"column":71}},"type":"binary-expr","locations":[{"start":{"line":69,"column":16},"end":{"line":69,"column":54}},{"start":{"line":69,"column":58},"end":{"line":69,"column":71}}],"line":69}},"s":{"0":1,"1":3,"2":3,"3":1,"4":1,"5":1,"6":1,"7":1,"8":1,"9":7,"10":6,"11":6,"12":2,"13":2,"14":8,"15":4,"16":1,"17":4,"18":2,"19":0,"20":1},"f":{"0":3,"1":1,"2":1,"3":1,"4":7,"5":6,"6":2,"7":8,"8":4,"9":0},"b":{"0":[6,0],"1":[6,6],"2":[1,3],"3":[4,1]},"_coverageSchema":"1a1c01bbd47fc00a2c39e90264f33305004495a9","hash":"5bf14a4349188c758f7fe38ee928bfbfca29c22a"}
,"C:\\Users\\joewa\\Desktop\\trivia-platform\\server\\games\\trivia\\ScoreCalculator.js": {"path":"C:\\Users\\joewa\\Desktop\\trivia-platform\\server\\games\\trivia\\ScoreCalculator.js","statementMap":{"0":{"start":{"line":7,"column":15},"end":{"line":7,"column":41}},"1":{"start":{"line":18,"column":4},"end":{"line":20,"column":5}},"2":{"start":{"line":19,"column":6},"end":{"line":19,"column":15}},"3":{"start":{"line":23,"column":24},"end":{"line":23,"column":69}},"4":{"start":{"line":26,"column":23},"end":{"line":26,"column":60}},"5":{"start":{"line":28,"column":17},"end":{"line":28,"column":55}},"6":{"start":{"line":29,"column":18},"end":{"line":29,"column":59}},"7":{"start":{"line":31,"column":4},"end":{"line":31,"column":51}},"8":{"start":{"line":35,"column":0},"end":{"line":35,"column":33}}},"fnMap":{"0":{"name":"(anonymous_0)","decl":{"start":{"line":17,"column":2},"end":{"line":17,"column":3}},"loc":{"start":{"line":17,"column":54},"end":{"line":32,"column":3}},"line":17}},"branchMap":{"0":{"loc":{"start":{"line":17,"column":36},"end":{"line":17,"column":52}},"type":"default-arg","locations":[{"start":{"line":17,"column":48},"end":{"line":17,"column":52}}],"line":17},"1":{"loc":{"start":{"line":18,"column":4},"end":{"line":20,"column":5}},"type":"if","locations":[{"start":{"line":18,"column":4},"end":{"line":20,"column":5}},{"start":{},"end":{}}],"line":18}},"s":{"0":1,"1":5,"2":1,"3":4,"4":4,"5":4,"6":4,"7":4,"8":1},"f":{"0":5},"b":{"0":[4],"1":[1,4]},"_coverageSchema":"1a1c01bbd47fc00a2c39e90264f33305004495a9","hash":"850a22d73510d7508f4bf8ac6d6a6916dab00ac8"}
,"C:\\Users\\joewa\\Desktop\\trivia-platform\\server\\games\\trivia\\TriviaGame.js": {"path":"C:\\Users\\joewa\\Desktop\\trivia-platform\\server\\games\\trivia\\TriviaGame.js","statementMap":{"0":{"start":{"line":9,"column":19},"end":{"line":9,"column":51}},"1":{"start":{"line":10,"column":15},"end":{"line":10,"column":41}},"2":{"start":{"line":19,"column":4},"end":{"line":19,"column":29}},"3":{"start":{"line":20,"column":4},"end":{"line":20,"column":29}},"4":{"start":{"line":21,"column":4},"end":{"line":21,"column":33}},"5":{"start":{"line":22,"column":4},"end":{"line":22,"column":29}},"6":{"start":{"line":23,"column":4},"end":{"line":23,"column":33}},"7":{"start":{"line":25,"column":4},"end":{"line":25,"column":24}},"8":{"start":{"line":26,"column":4},"end":{"line":26,"column":35}},"9":{"start":{"line":27,"column":4},"end":{"line":27,"column":32}},"10":{"start":{"line":28,"column":4},"end":{"line":28,"column":34}},"11":{"start":{"line":29,"column":4},"end":{"line":29,"column":21}},"12":{"start":{"line":30,"column":4},"end":{"line":30,"column":30}},"13":{"start":{"line":37,"column":4},"end":{"line":41,"column":7}},"14":{"start":{"line":38,"column":6},"end":{"line":40,"column":7}},"15":{"start":{"line":39,"column":8},"end":{"line":39,"column":31}},"16":{"start":{"line":43,"column":4},"end":{"line":47,"column":7}},"17":{"start":{"line":44,"column":6},"end":{"line":46,"column":7}},"18":{"start":{"line":45,"column":8},"end":{"line":45,"column":67}},"19":{"start":{"line":49,"column":4},"end":{"line":53,"column":7}},"20":{"start":{"line":50,"column":6},"end":{"line":52,"column":7}},"21":{"start":{"line":51,"column":8},"end":{"line":51,"column":34}},"22":{"start":{"line":60,"column":4},"end":{"line":60,"column":34}},"23":{"start":{"line":60,"column":27},"end":{"line":60,"column":34}},"24":{"start":{"line":61,"column":4},"end":{"line":61,"column":29}},"25":{"start":{"line":63,"column":4},"end":{"line":63,"column":58}},"26":{"start":{"line":64,"column":4},"end":{"line":64,"column":35}},"27":{"start":{"line":66,"column":4},"end":{"line":69,"column":7}},"28":{"start":{"line":71,"column":4},"end":{"line":71,"column":30}},"29":{"start":{"line":78,"column":4},"end":{"line":78,"column":24}},"30":{"start":{"line":79,"column":4},"end":{"line":79,"column":32}},"31":{"start":{"line":81,"column":4},"end":{"line":84,"column":5}},"32":{"start":{"line":82,"column":6},"end":{"line":82,"column":27}},"33":{"start":{"line":83,"column":6},"end":{"line":83,"column":13}},"34":{"start":{"line":86,"column":4},"end":{"line":86,"column":69}},"35":{"start":{"line":87,"column":4},"end":{"line":87,"column":40}},"36":{"start":{"line":89,"column":4},"end":{"line":96,"column":7}},"37":{"start":{"line":98,"column":4},"end":{"line":98,"column":35}},"38":{"start":{"line":105,"column":4},"end":{"line":107,"column":5}},"39":{"start":{"line":106,"column":6},"end":{"line":106,"column":13}},"40":{"start":{"line":109,"column":24},"end":{"line":109,"column":68}},"41":{"start":{"line":110,"column":22},"end":{"line":110,"column":71}},"42":{"start":{"line":112,"column":19},"end":{"line":116,"column":5}},"43":{"start":{"line":118,"column":18},"end":{"line":118,"column":63}},"44":{"start":{"line":119,"column":4},"end":{"line":127,"column":5}},"45":{"start":{"line":121,"column":6},"end":{"line":121,"column":56}},"46":{"start":{"line":121,"column":49},"end":{"line":121,"column":56}},"47":{"start":{"line":123,"column":6},"end":{"line":123,"column":88}},"48":{"start":{"line":124,"column":6},"end":{"line":124,"column":62}},"49":{"start":{"line":125,"column":6},"end":{"line":125,"column":51}},"50":{"start":{"line":126,"column":6},"end":{"line":126,"column":60}},"51":{"start":{"line":129,"column":4},"end":{"line":134,"column":7}},"52":{"start":{"line":141,"column":4},"end":{"line":141,"column":24}},"53":{"start":{"line":142,"column":4},"end":{"line":142,"column":30}},"54":{"start":{"line":143,"column":18},"end":{"line":143,"column":63}},"55":{"start":{"line":144,"column":20},"end":{"line":144,"column":80}},"56":{"start":{"line":146,"column":4},"end":{"line":149,"column":7}},"57":{"start":{"line":148,"column":42},"end":{"line":148,"column":59}},"58":{"start":{"line":157,"column":22},"end":{"line":157,"column":54}},"59":{"start":{"line":158,"column":18},"end":{"line":158,"column":54}},"60":{"start":{"line":160,"column":27},"end":{"line":160,"column":29}},"61":{"start":{"line":161,"column":4},"end":{"line":165,"column":5}},"62":{"start":{"line":161,"column":17},"end":{"line":161,"column":18}},"63":{"start":{"line":162,"column":6},"end":{"line":164,"column":7}},"64":{"start":{"line":163,"column":8},"end":{"line":163,"column":33}},"65":{"start":{"line":167,"column":4},"end":{"line":170,"column":5}},"66":{"start":{"line":167,"column":17},"end":{"line":167,"column":44}},"67":{"start":{"line":168,"column":16},"end":{"line":168,"column":51}},"68":{"start":{"line":169,"column":6},"end":{"line":169,"column":94}},"69":{"start":{"line":172,"column":4},"end":{"line":186,"column":7}},"70":{"start":{"line":173,"column":28},"end":{"line":173,"column":44}},"71":{"start":{"line":174,"column":20},"end":{"line":174,"column":54}},"72":{"start":{"line":176,"column":20},"end":{"line":183,"column":15}},"73":{"start":{"line":177,"column":8},"end":{"line":182,"column":9}},"74":{"start":{"line":178,"column":10},"end":{"line":181,"column":13}},"75":{"start":{"line":185,"column":6},"end":{"line":185,"column":30}},"76":{"start":{"line":188,"column":24},"end":{"line":201,"column":24}},"77":{"start":{"line":189,"column":6},"end":{"line":200,"column":7}},"78":{"start":{"line":190,"column":27},"end":{"line":190,"column":60}},"79":{"start":{"line":191,"column":8},"end":{"line":194,"column":11}},"80":{"start":{"line":196,"column":33},"end":{"line":198,"column":16}},"81":{"start":{"line":197,"column":12},"end":{"line":197,"column":89}},"82":{"start":{"line":199,"column":8},"end":{"line":199,"column":43}},"83":{"start":{"line":203,"column":4},"end":{"line":203,"column":34}},"84":{"start":{"line":211,"column":4},"end":{"line":211,"column":38}},"85":{"start":{"line":212,"column":4},"end":{"line":212,"column":21}},"86":{"start":{"line":216,"column":0},"end":{"line":216,"column":28}}},"fnMap":{"0":{"name":"(anonymous_0)","decl":{"start":{"line":18,"column":2},"end":{"line":18,"column":3}},"loc":{"start":{"line":18,"column":72},"end":{"line":31,"column":3}},"line":18},"1":{"name":"(anonymous_1)","decl":{"start":{"line":36,"column":2},"end":{"line":36,"column":3}},"loc":{"start":{"line":36,"column":9},"end":{"line":54,"column":3}},"line":36},"2":{"name":"(anonymous_2)","decl":{"start":{"line":37,"column":48},"end":{"line":37,"column":49}},"loc":{"start":{"line":37,"column":64},"end":{"line":41,"column":5}},"line":37},"3":{"name":"(anonymous_3)","decl":{"start":{"line":43,"column":51},"end":{"line":43,"column":52}},"loc":{"start":{"line":43,"column":67},"end":{"line":47,"column":5}},"line":43},"4":{"name":"(anonymous_4)","decl":{"start":{"line":49,"column":50},"end":{"line":49,"column":51}},"loc":{"start":{"line":49,"column":66},"end":{"line":53,"column":5}},"line":49},"5":{"name":"(anonymous_5)","decl":{"start":{"line":59,"column":2},"end":{"line":59,"column":3}},"loc":{"start":{"line":59,"column":20},"end":{"line":72,"column":3}},"line":59},"6":{"name":"(anonymous_6)","decl":{"start":{"line":77,"column":2},"end":{"line":77,"column":3}},"loc":{"start":{"line":77,"column":23},"end":{"line":99,"column":3}},"line":77},"7":{"name":"(anonymous_7)","decl":{"start":{"line":104,"column":2},"end":{"line":104,"column":3}},"loc":{"start":{"line":104,"column":46},"end":{"line":135,"column":3}},"line":104},"8":{"name":"(anonymous_8)","decl":{"start":{"line":140,"column":2},"end":{"line":140,"column":3}},"loc":{"start":{"line":140,"column":18},"end":{"line":150,"column":3}},"line":140},"9":{"name":"(anonymous_9)","decl":{"start":{"line":148,"column":32},"end":{"line":148,"column":33}},"loc":{"start":{"line":148,"column":42},"end":{"line":148,"column":59}},"line":148},"10":{"name":"(anonymous_10)","decl":{"start":{"line":156,"column":2},"end":{"line":156,"column":3}},"loc":{"start":{"line":156,"column":28},"end":{"line":204,"column":3}},"line":156},"11":{"name":"(anonymous_11)","decl":{"start":{"line":172,"column":18},"end":{"line":172,"column":19}},"loc":{"start":{"line":172,"column":35},"end":{"line":186,"column":5}},"line":172},"12":{"name":"(anonymous_12)","decl":{"start":{"line":176,"column":31},"end":{"line":176,"column":32}},"loc":{"start":{"line":176,"column":37},"end":{"line":183,"column":7}},"line":176},"13":{"name":"(anonymous_13)","decl":{"start":{"line":188,"column":35},"end":{"line":188,"column":36}},"loc":{"start":{"line":188,"column":41},"end":{"line":201,"column":5}},"line":188},"14":{"name":"(anonymous_14)","decl":{"start":{"line":196,"column":44},"end":{"line":196,"column":45}},"loc":{"start":{"line":196,"column":50},"end":{"line":198,"column":9}},"line":196},"15":{"name":"(anonymous_15)","decl":{"start":{"line":210,"column":2},"end":{"line":210,"column":3}},"loc":{"start":{"line":210,"column":17},"end":{"line":213,"column":3}},"line":210}},"branchMap":{"0":{"loc":{"start":{"line":38,"column":6},"end":{"line":40,"column":7}},"type":"if","locations":[{"start":{"line":38,"column":6},"end":{"line":40,"column":7}},{"start":{},"end":{}}],"line":38},"1":{"loc":{"start":{"line":38,"column":10},"end":{"line":38,"column":49}},"type":"binary-expr","locations":[{"start":{"line":38,"column":10},"end":{"line":38,"column":14}},{"start":{"line":38,"column":18},"end":{"line":38,"column":49}}],"line":38},"2":{"loc":{"start":{"line":44,"column":6},"end":{"line":46,"column":7}},"type":"if","locations":[{"start":{"line":44,"column":6},"end":{"line":46,"column":7}},{"start":{},"end":{}}],"line":44},"3":{"loc":{"start":{"line":44,"column":10},"end":{"line":44,"column":49}},"type":"binary-expr","locations":[{"start":{"line":44,"column":10},"end":{"line":44,"column":14}},{"start":{"line":44,"column":18},"end":{"line":44,"column":49}}],"line":44},"4":{"loc":{"start":{"line":50,"column":6},"end":{"line":52,"column":7}},"type":"if","locations":[{"start":{"line":50,"column":6},"end":{"line":52,"column":7}},{"start":{},"end":{}}],"line":50},"5":{"loc":{"start":{"line":50,"column":10},"end":{"line":50,"column":49}},"type":"binary-expr","locations":[{"start":{"line":50,"column":10},"end":{"line":50,"column":14}},{"start":{"line":50,"column":18},"end":{"line":50,"column":49}}],"line":50},"6":{"loc":{"start":{"line":60,"column":4},"end":{"line":60,"column":34}},"type":"if","locations":[{"start":{"line":60,"column":4},"end":{"line":60,"column":34}},{"start":{},"end":{}}],"line":60},"7":{"loc":{"start":{"line":81,"column":4},"end":{"line":84,"column":5}},"type":"if","locations":[{"start":{"line":81,"column":4},"end":{"line":84,"column":5}},{"start":{},"end":{}}],"line":81},"8":{"loc":{"start":{"line":105,"column":4},"end":{"line":107,"column":5}},"type":"if","locations":[{"start":{"line":105,"column":4},"end":{"line":107,"column":5}},{"start":{},"end":{}}],"line":105},"9":{"loc":{"start":{"line":105,"column":8},"end":{"line":105,"column":56}},"type":"binary-expr","locations":[{"start":{"line":105,"column":8},"end":{"line":105,"column":29}},{"start":{"line":105,"column":33},"end":{"line":105,"column":56}}],"line":105},"10":{"loc":{"start":{"line":119,"column":4},"end":{"line":127,"column":5}},"type":"if","locations":[{"start":{"line":119,"column":4},"end":{"line":127,"column":5}},{"start":{},"end":{}}],"line":119},"11":{"loc":{"start":{"line":119,"column":8},"end":{"line":119,"column":59}},"type":"binary-expr","locations":[{"start":{"line":119,"column":8},"end":{"line":119,"column":13}},{"start":{"line":119,"column":17},"end":{"line":119,"column":30}},{"start":{"line":119,"column":34},"end":{"line":119,"column":59}}],"line":119},"12":{"loc":{"start":{"line":121,"column":6},"end":{"line":121,"column":56}},"type":"if","locations":[{"start":{"line":121,"column":6},"end":{"line":121,"column":56}},{"start":{},"end":{}}],"line":121},"13":{"loc":{"start":{"line":123,"column":41},"end":{"line":123,"column":77}},"type":"binary-expr","locations":[{"start":{"line":123,"column":41},"end":{"line":123,"column":72}},{"start":{"line":123,"column":76},"end":{"line":123,"column":77}}],"line":123},"14":{"loc":{"start":{"line":144,"column":20},"end":{"line":144,"column":80}},"type":"cond-expr","locations":[{"start":{"line":144,"column":47},"end":{"line":144,"column":75}},{"start":{"line":144,"column":78},"end":{"line":144,"column":80}}],"line":144},"15":{"loc":{"start":{"line":144,"column":21},"end":{"line":144,"column":43}},"type":"binary-expr","locations":[{"start":{"line":144,"column":21},"end":{"line":144,"column":26}},{"start":{"line":144,"column":30},"end":{"line":144,"column":43}}],"line":144},"16":{"loc":{"start":{"line":162,"column":6},"end":{"line":164,"column":7}},"type":"if","locations":[{"start":{"line":162,"column":6},"end":{"line":164,"column":7}},{"start":{},"end":{}}],"line":162},"17":{"loc":{"start":{"line":177,"column":8},"end":{"line":182,"column":9}},"type":"if","locations":[{"start":{"line":177,"column":8},"end":{"line":182,"column":9}},{"start":{},"end":{}}],"line":177},"18":{"loc":{"start":{"line":177,"column":12},"end":{"line":177,"column":73}},"type":"binary-expr","locations":[{"start":{"line":177,"column":12},"end":{"line":177,"column":32}},{"start":{"line":177,"column":36},"end":{"line":177,"column":73}}],"line":177},"19":{"loc":{"start":{"line":189,"column":6},"end":{"line":200,"column":7}},"type":"if","locations":[{"start":{"line":189,"column":6},"end":{"line":200,"column":7}},{"start":{},"end":{}}],"line":189}},"s":{"0":1,"1":1,"2":5,"3":5,"4":5,"5":5,"6":5,"7":5,"8":5,"9":5,"10":5,"11":5,"12":5,"13":1,"14":0,"15":0,"16":1,"17":0,"18":0,"19":1,"20":0,"21":0,"22":1,"23":0,"24":1,"25":1,"26":1,"27":1,"28":1,"29":2,"30":2,"31":2,"32":1,"33":1,"34":1,"35":1,"36":1,"37":1,"38":1,"39":0,"40":1,"41":1,"42":1,"43":1,"44":1,"45":1,"46":0,"47":1,"48":1,"49":1,"50":1,"51":1,"52":1,"53":1,"54":1,"55":1,"56":1,"57":0,"58":2,"59":2,"60":2,"61":2,"62":2,"63":8,"64":6,"65":2,"66":2,"67":4,"68":4,"69":2,"70":6,"71":6,"72":6,"73":3,"74":3,"75":6,"76":2,"77":1,"78":1,"79":1,"80":1,"81":0,"82":1,"83":2,"84":8,"85":8,"86":1},"f":{"0":5,"1":1,"2":0,"3":0,"4":0,"5":1,"6":2,"7":1,"8":1,"9":0,"10":2,"11":6,"12":3,"13":1,"14":0,"15":8},"b":{"0":[0,0],"1":[0,0],"2":[0,0],"3":[0,0],"4":[0,0],"5":[0,0],"6":[0,1],"7":[1,1],"8":[0,1],"9":[1,1],"10":[1,0],"11":[1,1,1],"12":[0,1],"13":[1,1],"14":[1,0],"15":[1,1],"16":[6,2],"17":[3,0],"18":[3,3],"19":[1,0]},"_coverageSchema":"1a1c01bbd47fc00a2c39e90264f33305004495a9","hash":"cad7189facb380bcc39802a32c2dfca33ad13f80"}
,"C:\\Users\\joewa\\Desktop\\trivia-platform\\server\\infrastructure\\InMemoryGameRepository.js": {"path":"C:\\Users\\joewa\\Desktop\\trivia-platform\\server\\infrastructure\\InMemoryGameRepository.js","statementMap":{"0":{"start":{"line":17,"column":4},"end":{"line":17,"column":27}},"1":{"start":{"line":26,"column":4},"end":{"line":26,"column":36}},"2":{"start":{"line":35,"column":4},"end":{"line":38,"column":7}},"3":{"start":{"line":48,"column":17},"end":{"line":48,"column":41}},"4":{"start":{"line":49,"column":4},"end":{"line":51,"column":5}},"5":{"start":{"line":50,"column":6},"end":{"line":50,"column":25}},"6":{"start":{"line":60,"column":17},"end":{"line":60,"column":41}},"7":{"start":{"line":61,"column":4},"end":{"line":61,"column":36}},"8":{"start":{"line":70,"column":4},"end":{"line":70,"column":32}},"9":{"start":{"line":74,"column":0},"end":{"line":74,"column":40}}},"fnMap":{"0":{"name":"(anonymous_0)","decl":{"start":{"line":16,"column":2},"end":{"line":16,"column":3}},"loc":{"start":{"line":16,"column":16},"end":{"line":18,"column":3}},"line":16},"1":{"name":"(anonymous_1)","decl":{"start":{"line":25,"column":2},"end":{"line":25,"column":3}},"loc":{"start":{"line":25,"column":25},"end":{"line":27,"column":3}},"line":25},"2":{"name":"(anonymous_2)","decl":{"start":{"line":34,"column":2},"end":{"line":34,"column":3}},"loc":{"start":{"line":34,"column":29},"end":{"line":39,"column":3}},"line":34},"3":{"name":"(anonymous_3)","decl":{"start":{"line":47,"column":2},"end":{"line":47,"column":3}},"loc":{"start":{"line":47,"column":35},"end":{"line":52,"column":3}},"line":47},"4":{"name":"(anonymous_4)","decl":{"start":{"line":59,"column":2},"end":{"line":59,"column":3}},"loc":{"start":{"line":59,"column":27},"end":{"line":62,"column":3}},"line":59},"5":{"name":"(anonymous_5)","decl":{"start":{"line":69,"column":2},"end":{"line":69,"column":3}},"loc":{"start":{"line":69,"column":29},"end":{"line":71,"column":3}},"line":69}},"branchMap":{"0":{"loc":{"start":{"line":49,"column":4},"end":{"line":51,"column":5}},"type":"if","locations":[{"start":{"line":49,"column":4},"end":{"line":51,"column":5}},{"start":{},"end":{}}],"line":49},"1":{"loc":{"start":{"line":61,"column":11},"end":{"line":61,"column":35}},"type":"cond-expr","locations":[{"start":{"line":61,"column":18},"end":{"line":61,"column":28}},{"start":{"line":61,"column":31},"end":{"line":61,"column":35}}],"line":61}},"s":{"0":5,"1":3,"2":3,"3":2,"4":2,"5":1,"6":3,"7":3,"8":1,"9":1},"f":{"0":5,"1":3,"2":3,"3":2,"4":3,"5":1},"b":{"0":[1,1],"1":[1,2]},"_coverageSchema":"1a1c01bbd47fc00a2c39e90264f33305004495a9","hash":"cc0bc480fcff0ac3bede7c455e15dad45de43303"}
,"C:\\Users\\joewa\\Desktop\\trivia-platform\\server\\infrastructure\\OpenTDBProvider.js": {"path":"C:\\Users\\joewa\\Desktop\\trivia-platform\\server\\infrastructure\\OpenTDBProvider.js","statementMap":{"0":{"start":{"line":13,"column":4},"end":{"line":13,"column":48}},"1":{"start":{"line":22,"column":16},"end":{"line":22,"column":63}},"2":{"start":{"line":24,"column":21},"end":{"line":24,"column":37}},"3":{"start":{"line":25,"column":4},"end":{"line":27,"column":5}},"4":{"start":{"line":26,"column":6},"end":{"line":26,"column":58}},"5":{"start":{"line":29,"column":17},"end":{"line":29,"column":38}},"6":{"start":{"line":30,"column":4},"end":{"line":32,"column":5}},"7":{"start":{"line":31,"column":6},"end":{"line":31,"column":77}},"8":{"start":{"line":34,"column":4},"end":{"line":34,"column":58}},"9":{"start":{"line":34,"column":33},"end":{"line":34,"column":56}},"10":{"start":{"line":46,"column":20},"end":{"line":46,"column":68}},"11":{"start":{"line":49,"column":4},"end":{"line":52,"column":5}},"12":{"start":{"line":49,"column":17},"end":{"line":49,"column":35}},"13":{"start":{"line":50,"column":16},"end":{"line":50,"column":51}},"14":{"start":{"line":51,"column":6},"end":{"line":51,"column":58}},"15":{"start":{"line":55,"column":25},"end":{"line":55,"column":61}},"16":{"start":{"line":57,"column":4},"end":{"line":63,"column":6}},"17":{"start":{"line":61,"column":34},"end":{"line":61,"column":55}},"18":{"start":{"line":74,"column":4},"end":{"line":80,"column":30}},"19":{"start":{"line":84,"column":0},"end":{"line":84,"column":33}}},"fnMap":{"0":{"name":"(anonymous_0)","decl":{"start":{"line":12,"column":2},"end":{"line":12,"column":3}},"loc":{"start":{"line":12,"column":16},"end":{"line":14,"column":3}},"line":12},"1":{"name":"(anonymous_1)","decl":{"start":{"line":21,"column":2},"end":{"line":21,"column":3}},"loc":{"start":{"line":21,"column":34},"end":{"line":35,"column":3}},"line":21},"2":{"name":"(anonymous_2)","decl":{"start":{"line":34,"column":28},"end":{"line":34,"column":29}},"loc":{"start":{"line":34,"column":33},"end":{"line":34,"column":56}},"line":34},"3":{"name":"(anonymous_3)","decl":{"start":{"line":44,"column":2},"end":{"line":44,"column":3}},"loc":{"start":{"line":44,"column":24},"end":{"line":64,"column":3}},"line":44},"4":{"name":"(anonymous_4)","decl":{"start":{"line":61,"column":27},"end":{"line":61,"column":28}},"loc":{"start":{"line":61,"column":34},"end":{"line":61,"column":55}},"line":61},"5":{"name":"(anonymous_5)","decl":{"start":{"line":72,"column":2},"end":{"line":72,"column":3}},"loc":{"start":{"line":72,"column":20},"end":{"line":81,"column":3}},"line":72}},"branchMap":{"0":{"loc":{"start":{"line":21,"column":21},"end":{"line":21,"column":32}},"type":"default-arg","locations":[{"start":{"line":21,"column":30},"end":{"line":21,"column":32}}],"line":21},"1":{"loc":{"start":{"line":25,"column":4},"end":{"line":27,"column":5}},"type":"if","locations":[{"start":{"line":25,"column":4},"end":{"line":27,"column":5}},{"start":{},"end":{}}],"line":25},"2":{"loc":{"start":{"line":30,"column":4},"end":{"line":32,"column":5}},"type":"if","locations":[{"start":{"line":30,"column":4},"end":{"line":32,"column":5}},{"start":{},"end":{}}],"line":30}},"s":{"0":3,"1":3,"2":3,"3":3,"4":1,"5":2,"6":2,"7":1,"8":1,"9":1,"10":1,"11":1,"12":1,"13":3,"14":3,"15":1,"16":1,"17":4,"18":5,"19":1},"f":{"0":3,"1":3,"2":1,"3":1,"4":4,"5":5},"b":{"0":[1],"1":[1,2],"2":[1,1]},"_coverageSchema":"1a1c01bbd47fc00a2c39e90264f33305004495a9","hash":"b2de38b5efaadd4348bf25c76c36bb88056a3c78"}
}
