TN:
SF:config.js
FNF:0
FNH:0
DA:8,4
LF:1
LH:1
BRDA:10,0,0,4
BRDA:10,0,1,4
BRF:2
BRH:2
end_of_record
TN:
SF:server\core\EventTypes.js
FNF:0
FNH:0
DA:9,3
DA:40,3
LF:2
LH:2
BRF:0
BRH:0
end_of_record
TN:
SF:server\core\PlatformEventBus.js
FN:14,(anonymous_0)
FN:23,(anonymous_1)
FN:32,(anonymous_2)
FN:41,(anonymous_3)
FNF:4
FNH:4
FNDA:3,(anonymous_0)
FNDA:4,(anonymous_1)
FNDA:1,(anonymous_2)
FNDA:3,(anonymous_3)
DA:8,1
DA:15,3
DA:24,4
DA:33,1
DA:42,3
DA:46,1
LF:6
LH:6
BRF:0
BRH:0
end_of_record
TN:
SF:server\core\RoomManager.js
FN:15,(anonymous_0)
FN:24,(anonymous_1)
FN:46,(anonymous_2)
FN:79,(anonymous_3)
FN:94,(anonymous_4)
FN:103,(anonymous_5)
FN:117,(anonymous_6)
FN:130,(anonymous_7)
FN:139,(anonymous_8)
FNF:9
FNH:9
FNDA:16,(anonymous_0)
FNDA:2,(anonymous_1)
FNDA:5,(anonymous_2)
FNDA:3,(anonymous_3)
FNDA:1,(anonymous_4)
FNDA:2,(anonymous_5)
FNDA:2,(anonymous_6)
FNDA:1,(anonymous_7)
FNDA:3,(anonymous_8)
DA:8,1
DA:16,16
DA:26,2
DA:28,2
DA:29,3
DA:30,3
DA:33,2
DA:35,2
DA:37,2
DA:47,5
DA:48,5
DA:49,1
DA:53,4
DA:59,4
DA:61,1
DA:62,1
DA:63,1
DA:66,3
DA:69,4
DA:70,4
DA:80,3
DA:81,3
DA:82,2
DA:84,1
DA:85,1
DA:86,1
DA:95,1
DA:104,2
DA:105,2
DA:106,1
DA:108,1
DA:118,2
DA:119,2
DA:120,1
DA:122,1
DA:131,1
DA:140,3
DA:141,3
DA:142,3
DA:143,3
DA:144,12
DA:146,3
DA:150,1
LF:43
LH:43
BRDA:48,0,0,1
BRDA:48,0,1,4
BRDA:55,1,0,4
BRDA:55,1,1,3
BRDA:59,2,0,1
BRDA:59,2,1,3
BRDA:81,3,0,2
BRDA:81,3,1,1
BRDA:81,4,0,3
BRDA:81,4,1,2
BRDA:105,5,0,1
BRDA:105,5,1,1
BRDA:119,6,0,1
BRDA:119,6,1,1
BRDA:119,7,0,2
BRDA:119,7,1,1
BRF:16
BRH:16
end_of_record
TN:
SF:server\core\SocketRouter.js
FN:15,(anonymous_0)
FN:23,(anonymous_1)
FN:25,(anonymous_2)
FN:29,(anonymous_3)
FN:35,(anonymous_4)
FN:36,(anonymous_5)
FN:48,(anonymous_6)
FN:57,(anonymous_7)
FN:58,(anonymous_8)
FN:66,(anonymous_9)
FNF:10
FNH:10
FNDA:6,(anonymous_0)
FNDA:2,(anonymous_1)
FNDA:1,(anonymous_2)
FNDA:1,(anonymous_3)
FNDA:22,(anonymous_4)
FNDA:7,(anonymous_5)
FNDA:4,(anonymous_6)
FNDA:16,(anonymous_7)
FNDA:5,(anonymous_8)
FNDA:1,(anonymous_9)
DA:8,1
DA:16,6
DA:17,6
DA:25,2
DA:26,1
DA:29,2
DA:31,1
DA:35,2
DA:36,22
DA:37,7
DA:38,6
DA:50,4
DA:57,4
DA:58,16
DA:59,5
DA:60,2
DA:62,5
DA:66,4
DA:67,1
DA:72,1
LF:20
LH:20
BRDA:37,0,0,6
BRDA:37,0,1,1
BRDA:37,1,0,7
BRDA:37,1,1,7
BRDA:59,2,0,2
BRDA:59,2,1,3
BRDA:59,3,0,5
BRDA:59,3,1,2
BRF:8
BRH:8
end_of_record
TN:
SF:server\games\trivia\ScoreCalculator.js
FN:17,(anonymous_0)
FNF:1
FNH:1
FNDA:5,(anonymous_0)
DA:7,1
DA:18,5
DA:19,1
DA:23,4
DA:26,4
DA:28,4
DA:29,4
DA:31,4
DA:35,1
LF:9
LH:9
BRDA:18,0,0,1
BRDA:18,0,1,4
BRF:2
BRH:2
end_of_record
TN:
SF:server\games\trivia\TriviaGame.js
FN:18,(anonymous_0)
FN:36,(anonymous_1)
FN:37,(anonymous_2)
FN:43,(anonymous_3)
FN:49,(anonymous_4)
FN:60,(anonymous_5)
FN:79,(anonymous_6)
FN:111,(anonymous_7)
FN:112,(anonymous_8)
FN:113,(anonymous_9)
FN:131,(anonymous_10)
FN:139,(anonymous_11)
FN:174,(anonymous_12)
FN:192,(anonymous_13)
FN:198,(anonymous_14)
FN:231,(anonymous_15)
FN:246,(anonymous_16)
FN:286,(anonymous_17)
FN:296,(anonymous_18)
FN:297,(anonymous_19)
FN:298,(anonymous_20)
FN:313,(anonymous_21)
FN:324,(anonymous_22)
FN:342,(anonymous_23)
FN:346,(anonymous_24)
FN:361,(anonymous_25)
FN:371,(anonymous_26)
FN:380,(anonymous_27)
FNF:28
FNH:23
FNDA:41,(anonymous_0)
FNDA:10,(anonymous_1)
FNDA:3,(anonymous_2)
FNDA:3,(anonymous_3)
FNDA:3,(anonymous_4)
FNDA:3,(anonymous_5)
FNDA:6,(anonymous_6)
FNDA:7,(anonymous_7)
FNDA:5,(anonymous_8)
FNDA:5,(anonymous_9)
FNDA:0,(anonymous_10)
FNDA:12,(anonymous_11)
FNDA:1,(anonymous_12)
FNDA:0,(anonymous_13)
FNDA:6,(anonymous_14)
FNDA:2,(anonymous_15)
FNDA:9,(anonymous_16)
FNDA:2,(anonymous_17)
FNDA:0,(anonymous_18)
FNDA:0,(anonymous_19)
FNDA:0,(anonymous_20)
FNDA:1,(anonymous_21)
FNDA:4,(anonymous_22)
FNDA:12,(anonymous_23)
FNDA:6,(anonymous_24)
FNDA:25,(anonymous_25)
FNDA:50,(anonymous_26)
FNDA:1,(anonymous_27)
DA:9,1
DA:10,1
DA:19,41
DA:20,41
DA:21,41
DA:22,41
DA:23,41
DA:25,41
DA:26,41
DA:27,41
DA:28,41
DA:29,41
DA:30,41
DA:37,10
DA:38,3
DA:39,1
DA:43,10
DA:44,3
DA:45,1
DA:49,10
DA:50,3
DA:51,1
DA:52,1
DA:61,3
DA:62,2
DA:64,2
DA:65,2
DA:66,2
DA:68,2
DA:73,2
DA:80,6
DA:81,6
DA:82,6
DA:84,6
DA:85,6
DA:86,1
DA:87,1
DA:88,1
DA:91,5
DA:93,5
DA:94,5
DA:95,5
DA:96,7
DA:98,7
DA:99,7
DA:101,5
DA:106,5
DA:108,5
DA:109,5
DA:110,5
DA:111,7
DA:112,5
DA:113,5
DA:121,5
DA:131,5
DA:140,12
DA:141,12
DA:143,10
DA:144,13
DA:146,13
DA:148,3
DA:149,3
DA:151,3
DA:157,3
DA:158,3
DA:159,10
DA:160,7
DA:163,13
DA:164,13
DA:165,13
DA:166,13
DA:168,10
DA:175,1
DA:177,1
DA:188,1
DA:191,1
DA:192,1
DA:199,6
DA:201,5
DA:202,5
DA:203,5
DA:204,5
DA:205,7
DA:206,7
DA:207,7
DA:208,4
DA:209,4
DA:211,4
DA:216,4
DA:217,3
DA:218,3
DA:222,5
DA:224,5
DA:231,5
DA:232,2
DA:233,2
DA:234,1
DA:235,1
DA:237,1
DA:238,1
DA:247,9
DA:248,2
DA:251,7
DA:252,7
DA:256,4
DA:258,3
DA:259,3
DA:260,3
DA:261,3
DA:262,3
DA:265,3
DA:266,3
DA:267,3
DA:275,3
DA:287,2
DA:288,2
DA:289,2
DA:291,2
DA:293,2
DA:294,2
DA:295,2
DA:296,0
DA:297,0
DA:298,0
DA:306,2
DA:307,2
DA:313,2
DA:314,1
DA:315,1
DA:316,1
DA:318,2
DA:325,4
DA:326,4
DA:327,4
DA:329,4
DA:330,4
DA:331,14
DA:332,10
DA:337,4
DA:338,6
DA:339,6
DA:342,4
DA:343,12
DA:344,12
DA:346,12
DA:347,6
DA:348,3
DA:362,25
DA:363,25
DA:364,25
DA:372,50
DA:373,50
DA:381,1
DA:399,1
DA:403,1
LF:155
LH:152
BRDA:38,0,0,1
BRDA:38,0,1,2
BRDA:38,1,0,3
BRDA:38,1,1,2
BRDA:44,2,0,1
BRDA:44,2,1,2
BRDA:44,3,0,3
BRDA:44,3,1,2
BRDA:50,4,0,1
BRDA:50,4,1,2
BRDA:50,5,0,3
BRDA:50,5,1,2
BRDA:61,6,0,1
BRDA:61,6,1,2
BRDA:85,7,0,1
BRDA:85,7,1,5
BRDA:94,8,0,5
BRDA:94,8,1,0
BRDA:94,9,0,5
BRDA:94,9,1,5
BRDA:98,10,0,7
BRDA:98,10,1,6
BRDA:109,11,0,5
BRDA:109,11,1,0
BRDA:109,12,0,5
BRDA:109,12,1,5
BRDA:112,13,0,5
BRDA:112,13,1,0
BRDA:112,14,0,5
BRDA:112,14,1,0
BRDA:116,15,0,5
BRDA:116,15,1,0
BRDA:117,16,0,5
BRDA:117,16,1,4
BRDA:118,17,0,5
BRDA:118,17,1,4
BRDA:141,18,0,2
BRDA:141,18,1,10
BRDA:141,19,0,12
BRDA:141,19,1,11
BRDA:146,20,0,3
BRDA:146,20,1,10
BRDA:146,21,0,13
BRDA:146,21,1,10
BRDA:158,22,0,3
BRDA:158,22,1,2
BRDA:159,23,0,7
BRDA:159,23,1,3
BRDA:199,24,0,1
BRDA:199,24,1,5
BRDA:203,25,0,5
BRDA:203,25,1,0
BRDA:203,26,0,5
BRDA:203,26,1,5
BRDA:207,27,0,4
BRDA:207,27,1,3
BRDA:207,28,0,7
BRDA:207,28,1,7
BRDA:217,29,0,3
BRDA:217,29,1,0
BRDA:233,30,0,1
BRDA:233,30,1,1
BRDA:247,31,0,2
BRDA:247,31,1,7
BRDA:247,32,0,9
BRDA:247,32,1,8
BRDA:252,33,0,3
BRDA:252,33,1,4
BRDA:252,34,0,7
BRDA:252,34,1,6
BRDA:252,34,2,5
BRDA:256,35,0,1
BRDA:256,35,1,3
BRDA:294,36,0,2
BRDA:294,36,1,0
BRDA:294,37,0,2
BRDA:294,37,1,2
BRDA:297,38,0,0
BRDA:297,38,1,0
BRDA:297,39,0,0
BRDA:297,39,1,0
BRDA:301,40,0,0
BRDA:301,40,1,0
BRDA:302,41,0,0
BRDA:302,41,1,0
BRDA:303,42,0,0
BRDA:303,42,1,0
BRDA:331,43,0,10
BRDA:331,43,1,4
BRDA:347,44,0,3
BRDA:347,44,1,3
BRDA:347,45,0,6
BRDA:347,45,1,5
BRDA:386,46,0,1
BRDA:386,46,1,0
BRF:95
BRH:76
end_of_record
TN:
SF:server\infrastructure\InMemoryGameRepository.js
FN:16,(anonymous_0)
FN:25,(anonymous_1)
FN:34,(anonymous_2)
FN:47,(anonymous_3)
FN:59,(anonymous_4)
FN:69,(anonymous_5)
FNF:6
FNH:6
FNDA:5,(anonymous_0)
FNDA:3,(anonymous_1)
FNDA:3,(anonymous_2)
FNDA:2,(anonymous_3)
FNDA:3,(anonymous_4)
FNDA:1,(anonymous_5)
DA:17,5
DA:26,3
DA:35,3
DA:48,2
DA:49,2
DA:50,1
DA:60,3
DA:61,3
DA:70,1
DA:74,1
LF:10
LH:10
BRDA:49,0,0,1
BRDA:49,0,1,1
BRDA:61,1,0,1
BRDA:61,1,1,2
BRF:4
BRH:4
end_of_record
TN:
SF:server\infrastructure\OpenTDBProvider.js
FN:14,(anonymous_0)
FN:23,(anonymous_1)
FN:36,(anonymous_2)
FN:46,(anonymous_3)
FN:63,(anonymous_4)
FN:74,(anonymous_5)
FNF:6
FNH:6
FNDA:4,(anonymous_0)
FNDA:4,(anonymous_1)
FNDA:2,(anonymous_2)
FNDA:2,(anonymous_3)
FNDA:8,(anonymous_4)
FNDA:12,(anonymous_5)
DA:8,1
DA:15,4
DA:24,4
DA:26,4
DA:27,4
DA:28,1
DA:31,3
DA:32,3
DA:33,1
DA:36,2
DA:48,2
DA:51,2
DA:52,6
DA:53,6
DA:57,2
DA:59,2
DA:63,8
DA:75,12
DA:76,11
DA:80,1
LF:20
LH:20
BRDA:23,0,0,1
BRDA:27,1,0,1
BRDA:27,1,1,3
BRDA:32,2,0,1
BRDA:32,2,1,2
BRDA:75,3,0,1
BRDA:75,3,1,11
BRF:7
BRH:7
end_of_record
