TN:
SF:trivia-platform\config.js
FNF:0
FNH:0
DA:8,4
LF:1
LH:1
BRDA:10,0,0,4
BRDA:10,0,1,4
BRF:2
BRH:2
end_of_record
TN:
SF:trivia-platform\server\core\EventTypes.js
FNF:0
FNH:0
DA:9,3
LF:1
LH:1
BRF:0
BRH:0
end_of_record
TN:
SF:trivia-platform\server\core\PlatformEventBus.js
FN:14,(anonymous_0)
FN:23,(anonymous_1)
FN:32,(anonymous_2)
FN:41,(anonymous_3)
FNF:4
FNH:4
FNDA:3,(anonymous_0)
FNDA:4,(anonymous_1)
FNDA:1,(anonymous_2)
FNDA:3,(anonymous_3)
DA:8,1
DA:15,3
DA:24,4
DA:33,1
DA:42,3
DA:46,1
LF:6
LH:6
BRF:0
BRH:0
end_of_record
TN:
SF:trivia-platform\server\core\RoomManager.js
FN:15,(anonymous_0)
FN:24,(anonymous_1)
FN:46,(anonymous_2)
FN:62,(anonymous_3)
FN:76,(anonymous_4)
FN:89,(anonymous_5)
FN:98,(anonymous_6)
FNF:7
FNH:7
FNDA:9,(anonymous_0)
FNDA:2,(anonymous_1)
FNDA:2,(anonymous_2)
FNDA:2,(anonymous_3)
FNDA:2,(anonymous_4)
FNDA:1,(anonymous_5)
FNDA:3,(anonymous_6)
DA:8,1
DA:16,9
DA:26,2
DA:28,2
DA:29,3
DA:30,3
DA:33,2
DA:35,2
DA:37,2
DA:47,2
DA:48,2
DA:49,1
DA:52,1
DA:53,1
DA:54,1
DA:63,2
DA:64,2
DA:65,1
DA:67,1
DA:77,2
DA:78,2
DA:79,1
DA:81,1
DA:90,1
DA:99,3
DA:100,3
DA:101,3
DA:102,3
DA:103,12
DA:105,3
DA:109,1
LF:31
LH:31
BRDA:48,0,0,1
BRDA:48,0,1,1
BRDA:64,1,0,1
BRDA:64,1,1,1
BRDA:78,2,0,1
BRDA:78,2,1,1
BRDA:78,3,0,2
BRDA:78,3,1,1
BRF:8
BRH:8
end_of_record
TN:
SF:trivia-platform\server\core\SocketRouter.js
FN:15,(anonymous_0)
FN:23,(anonymous_1)
FN:25,(anonymous_2)
FN:29,(anonymous_3)
FN:45,(anonymous_4)
FN:46,(anonymous_5)
FN:58,(anonymous_6)
FN:67,(anonymous_7)
FN:68,(anonymous_8)
FN:76,(anonymous_9)
FNF:10
FNH:9
FNDA:3,(anonymous_0)
FNDA:1,(anonymous_1)
FNDA:1,(anonymous_2)
FNDA:1,(anonymous_3)
FNDA:7,(anonymous_4)
FNDA:6,(anonymous_5)
FNDA:2,(anonymous_6)
FNDA:8,(anonymous_7)
FNDA:4,(anonymous_8)
FNDA:0,(anonymous_9)
DA:8,1
DA:16,3
DA:17,3
DA:25,1
DA:26,1
DA:29,1
DA:31,1
DA:35,1
DA:45,1
DA:46,7
DA:47,6
DA:48,6
DA:60,2
DA:67,2
DA:68,8
DA:69,4
DA:70,1
DA:72,4
DA:76,2
DA:77,0
DA:82,1
LF:21
LH:20
BRDA:47,0,0,6
BRDA:47,0,1,0
BRDA:47,1,0,6
BRDA:47,1,1,6
BRDA:69,2,0,1
BRDA:69,2,1,3
BRDA:69,3,0,4
BRDA:69,3,1,1
BRF:8
BRH:7
end_of_record
TN:
SF:trivia-platform\server\games\trivia\ScoreCalculator.js
FN:17,(anonymous_0)
FNF:1
FNH:1
FNDA:5,(anonymous_0)
DA:7,1
DA:18,5
DA:19,1
DA:23,4
DA:26,4
DA:28,4
DA:29,4
DA:31,4
DA:35,1
LF:9
LH:9
BRDA:17,0,0,4
BRDA:18,1,0,1
BRDA:18,1,1,4
BRF:3
BRH:3
end_of_record
TN:
SF:trivia-platform\server\games\trivia\TriviaGame.js
FN:18,(anonymous_0)
FN:36,(anonymous_1)
FN:37,(anonymous_2)
FN:43,(anonymous_3)
FN:49,(anonymous_4)
FN:59,(anonymous_5)
FN:77,(anonymous_6)
FN:104,(anonymous_7)
FN:140,(anonymous_8)
FN:148,(anonymous_9)
FN:156,(anonymous_10)
FN:172,(anonymous_11)
FN:176,(anonymous_12)
FN:188,(anonymous_13)
FN:196,(anonymous_14)
FN:210,(anonymous_15)
FNF:16
FNH:11
FNDA:5,(anonymous_0)
FNDA:1,(anonymous_1)
FNDA:0,(anonymous_2)
FNDA:0,(anonymous_3)
FNDA:0,(anonymous_4)
FNDA:1,(anonymous_5)
FNDA:2,(anonymous_6)
FNDA:1,(anonymous_7)
FNDA:1,(anonymous_8)
FNDA:0,(anonymous_9)
FNDA:2,(anonymous_10)
FNDA:6,(anonymous_11)
FNDA:3,(anonymous_12)
FNDA:1,(anonymous_13)
FNDA:0,(anonymous_14)
FNDA:8,(anonymous_15)
DA:9,1
DA:10,1
DA:19,5
DA:20,5
DA:21,5
DA:22,5
DA:23,5
DA:25,5
DA:26,5
DA:27,5
DA:28,5
DA:29,5
DA:30,5
DA:37,1
DA:38,0
DA:39,0
DA:43,1
DA:44,0
DA:45,0
DA:49,1
DA:50,0
DA:51,0
DA:60,1
DA:61,1
DA:63,1
DA:64,1
DA:66,1
DA:71,1
DA:78,2
DA:79,2
DA:81,2
DA:82,1
DA:83,1
DA:86,1
DA:87,1
DA:89,1
DA:98,1
DA:105,1
DA:106,0
DA:109,1
DA:110,1
DA:112,1
DA:118,1
DA:119,1
DA:121,1
DA:123,1
DA:124,1
DA:125,1
DA:126,1
DA:129,1
DA:141,1
DA:142,1
DA:143,1
DA:144,1
DA:146,1
DA:148,0
DA:157,2
DA:158,2
DA:160,2
DA:161,2
DA:162,8
DA:163,6
DA:167,2
DA:168,4
DA:169,4
DA:172,2
DA:173,6
DA:174,6
DA:176,6
DA:177,3
DA:178,3
DA:185,6
DA:188,2
DA:189,1
DA:190,1
DA:191,1
DA:196,1
DA:197,0
DA:199,1
DA:203,2
DA:211,8
DA:212,8
DA:216,1
LF:83
LH:74
BRDA:38,0,0,0
BRDA:38,0,1,0
BRDA:38,1,0,0
BRDA:38,1,1,0
BRDA:44,2,0,0
BRDA:44,2,1,0
BRDA:44,3,0,0
BRDA:44,3,1,0
BRDA:50,4,0,0
BRDA:50,4,1,0
BRDA:50,5,0,0
BRDA:50,5,1,0
BRDA:60,6,0,0
BRDA:60,6,1,1
BRDA:81,7,0,1
BRDA:81,7,1,1
BRDA:105,8,0,0
BRDA:105,8,1,1
BRDA:105,9,0,1
BRDA:105,9,1,1
BRDA:119,10,0,1
BRDA:119,10,1,0
BRDA:119,11,0,1
BRDA:119,11,1,1
BRDA:119,11,2,1
BRDA:121,12,0,0
BRDA:121,12,1,1
BRDA:123,13,0,1
BRDA:123,13,1,1
BRDA:144,14,0,1
BRDA:144,14,1,0
BRDA:144,15,0,1
BRDA:144,15,1,1
BRDA:162,16,0,6
BRDA:162,16,1,2
BRDA:177,17,0,3
BRDA:177,17,1,0
BRDA:177,18,0,3
BRDA:177,18,1,3
BRDA:189,19,0,1
BRDA:189,19,1,0
BRF:41
BRH:22
end_of_record
TN:
SF:trivia-platform\server\infrastructure\InMemoryGameRepository.js
FN:16,(anonymous_0)
FN:25,(anonymous_1)
FN:34,(anonymous_2)
FN:47,(anonymous_3)
FN:59,(anonymous_4)
FN:69,(anonymous_5)
FNF:6
FNH:6
FNDA:5,(anonymous_0)
FNDA:3,(anonymous_1)
FNDA:3,(anonymous_2)
FNDA:2,(anonymous_3)
FNDA:3,(anonymous_4)
FNDA:1,(anonymous_5)
DA:17,5
DA:26,3
DA:35,3
DA:48,2
DA:49,2
DA:50,1
DA:60,3
DA:61,3
DA:70,1
DA:74,1
LF:10
LH:10
BRDA:49,0,0,1
BRDA:49,0,1,1
BRDA:61,1,0,1
BRDA:61,1,1,2
BRF:4
BRH:4
end_of_record
TN:
SF:trivia-platform\server\infrastructure\OpenTDBProvider.js
FN:12,(anonymous_0)
FN:21,(anonymous_1)
FN:34,(anonymous_2)
FN:44,(anonymous_3)
FN:61,(anonymous_4)
FN:72,(anonymous_5)
FNF:6
FNH:6
FNDA:3,(anonymous_0)
FNDA:3,(anonymous_1)
FNDA:1,(anonymous_2)
FNDA:1,(anonymous_3)
FNDA:4,(anonymous_4)
FNDA:5,(anonymous_5)
DA:13,3
DA:22,3
DA:24,3
DA:25,3
DA:26,1
DA:29,2
DA:30,2
DA:31,1
DA:34,1
DA:46,1
DA:49,1
DA:50,3
DA:51,3
DA:55,1
DA:57,1
DA:61,4
DA:74,5
DA:84,1
LF:18
LH:18
BRDA:21,0,0,1
BRDA:25,1,0,1
BRDA:25,1,1,2
BRDA:30,2,0,1
BRDA:30,2,1,1
BRF:5
BRH:5
end_of_record
